  Main.cpp
C:\Program Files (x86)\Windows Kits\10\Include\10.0.19041.0\um\winbase.h(7679,48): warning C5039: 'TpSetCallbackCleanupGroup': -EHc 아래의 'extern "C"' 함수로 전달되는 잠재적인 throw 함수에 대한 포인터 또는 참조입니다. 이 함수가 예외를 throw하는 경우 정의되지 않은 동작이 발생할 수 있습니다.
C:\Program Files (x86)\Windows Kits\10\Include\10.0.19041.0\um\winioctl.h(10326,22): warning C4668: '_WIN32_WINNT_WIN10_TH2'은(는) 전처리기 매크로로 정의되어 있지 않으므로 '#if/#elif'에 해당하는 '0'으로 바뀝니다.
C:\Program Files (x86)\Windows Kits\10\Include\10.0.19041.0\um\winioctl.h(10332,22): warning C4668: '_WIN32_WINNT_WIN10_RS1'은(는) 전처리기 매크로로 정의되어 있지 않으므로 '#if/#elif'에 해당하는 '0'으로 바뀝니다.
C:\Program Files (x86)\Windows Kits\10\Include\10.0.19041.0\um\winioctl.h(10337,22): warning C4668: '_WIN32_WINNT_WIN10_TH2'은(는) 전처리기 매크로로 정의되어 있지 않으므로 '#if/#elif'에 해당하는 '0'으로 바뀝니다.
C:\Program Files (x86)\Windows Kits\10\Include\10.0.19041.0\um\winioctl.h(10341,22): warning C4668: '_WIN32_WINNT_WIN10_TH2'은(는) 전처리기 매크로로 정의되어 있지 않으므로 '#if/#elif'에 해당하는 '0'으로 바뀝니다.
C:\Program Files (x86)\Windows Kits\10\Include\10.0.19041.0\um\winioctl.h(10348,22): warning C4668: '_WIN32_WINNT_WIN10_RS2'은(는) 전처리기 매크로로 정의되어 있지 않으므로 '#if/#elif'에 해당하는 '0'으로 바뀝니다.
C:\Program Files (x86)\Windows Kits\10\Include\10.0.19041.0\um\winioctl.h(10358,22): warning C4668: '_WIN32_WINNT_WIN10_RS2'은(는) 전처리기 매크로로 정의되어 있지 않으므로 '#if/#elif'에 해당하는 '0'으로 바뀝니다.
C:\Program Files (x86)\Windows Kits\10\Include\10.0.19041.0\um\winioctl.h(10362,22): warning C4668: '_WIN32_WINNT_WIN10_TH2'은(는) 전처리기 매크로로 정의되어 있지 않으므로 '#if/#elif'에 해당하는 '0'으로 바뀝니다.
C:\Program Files (x86)\Windows Kits\10\Include\10.0.19041.0\um\winioctl.h(10367,22): warning C4668: '_WIN32_WINNT_WIN10_RS3'은(는) 전처리기 매크로로 정의되어 있지 않으므로 '#if/#elif'에 해당하는 '0'으로 바뀝니다.
C:\Program Files (x86)\Windows Kits\10\Include\10.0.19041.0\um\winioctl.h(10374,22): warning C4668: '_WIN32_WINNT_WIN10_RS4'은(는) 전처리기 매크로로 정의되어 있지 않으므로 '#if/#elif'에 해당하는 '0'으로 바뀝니다.
C:\Program Files (x86)\Windows Kits\10\Include\10.0.19041.0\um\winioctl.h(10377,22): warning C4668: '_WIN32_WINNT_WIN10_RS1'은(는) 전처리기 매크로로 정의되어 있지 않으므로 '#if/#elif'에 해당하는 '0'으로 바뀝니다.
C:\Program Files (x86)\Windows Kits\10\Include\10.0.19041.0\um\winioctl.h(10380,22): warning C4668: '_WIN32_WINNT_WIN10_RS4'은(는) 전처리기 매크로로 정의되어 있지 않으므로 '#if/#elif'에 해당하는 '0'으로 바뀝니다.
C:\Program Files (x86)\Windows Kits\10\Include\10.0.19041.0\um\winioctl.h(10385,22): warning C4668: '_WIN32_WINNT_WIN10_RS1'은(는) 전처리기 매크로로 정의되어 있지 않으므로 '#if/#elif'에 해당하는 '0'으로 바뀝니다.
C:\Program Files (x86)\Windows Kits\10\Include\10.0.19041.0\um\winioctl.h(10388,22): warning C4668: '_WIN32_WINNT_WIN10_RS5'은(는) 전처리기 매크로로 정의되어 있지 않으므로 '#if/#elif'에 해당하는 '0'으로 바뀝니다.
C:\Program Files (x86)\Windows Kits\10\Include\10.0.19041.0\um\winioctl.h(10588,22): warning C4668: '_WIN32_WINNT_WIN10_RS2'은(는) 전처리기 매크로로 정의되어 있지 않으므로 '#if/#elif'에 해당하는 '0'으로 바뀝니다.
C:\Program Files (x86)\Windows Kits\10\Include\10.0.19041.0\um\winioctl.h(10612,22): warning C4668: '_WIN32_WINNT_WIN10_RS5'은(는) 전처리기 매크로로 정의되어 있지 않으므로 '#if/#elif'에 해당하는 '0'으로 바뀝니다.
C:\Program Files (x86)\Windows Kits\10\Include\10.0.19041.0\um\winioctl.h(14093,22): warning C4668: '_WIN32_WINNT_WIN10_RS5'은(는) 전처리기 매크로로 정의되어 있지 않으므로 '#if/#elif'에 해당하는 '0'으로 바뀝니다.
C:\Program Files (x86)\Windows Kits\10\Include\10.0.19041.0\um\winioctl.h(14296,22): warning C4668: '_WIN32_WINNT_WIN10_RS5'은(는) 전처리기 매크로로 정의되어 있지 않으므로 '#if/#elif'에 해당하는 '0'으로 바뀝니다.
C:\Program Files (x86)\Windows Kits\10\Include\10.0.19041.0\um\winioctl.h(14399,22): warning C4668: '_WIN32_WINNT_WIN10_RS5'은(는) 전처리기 매크로로 정의되어 있지 않으므로 '#if/#elif'에 해당하는 '0'으로 바뀝니다.
C:\Program Files (x86)\Windows Kits\10\Include\10.0.19041.0\um\winioctl.h(14495,21): warning C4668: '_WIN32_WINNT_WIN10_RS5'은(는) 전처리기 매크로로 정의되어 있지 않으므로 '#if/#elif'에 해당하는 '0'으로 바뀝니다.
C:\Program Files (x86)\Windows Kits\10\Include\10.0.19041.0\um\winioctl.h(14599,22): warning C4668: '_WIN32_WINNT_WIN10_RS5'은(는) 전처리기 매크로로 정의되어 있지 않으므로 '#if/#elif'에 해당하는 '0'으로 바뀝니다.
C:\Program Files (x86)\Windows Kits\10\Include\10.0.19041.0\um\winioctl.h(15350,23): warning C4668: '_WIN32_WINNT_WIN10_RS2'은(는) 전처리기 매크로로 정의되어 있지 않으므로 '#if/#elif'에 해당하는 '0'으로 바뀝니다.
C:\Program Files (x86)\Windows Kits\10\Include\10.0.19041.0\um\winioctl.h(15406,22): warning C4668: '_WIN32_WINNT_WIN10_RS2'은(는) 전처리기 매크로로 정의되어 있지 않으므로 '#if/#elif'에 해당하는 '0'으로 바뀝니다.
C:\Program Files (x86)\Windows Kits\10\Include\10.0.19041.0\um\winioctl.h(15525,22): warning C4668: '_WIN32_WINNT_WIN10_RS3'은(는) 전처리기 매크로로 정의되어 있지 않으므로 '#if/#elif'에 해당하는 '0'으로 바뀝니다.
C:\Program Files (x86)\Windows Kits\10\Include\10.0.19041.0\um\winioctl.h(15675,22): warning C4668: '_WIN32_WINNT_WIN10_RS4'은(는) 전처리기 매크로로 정의되어 있지 않으므로 '#if/#elif'에 해당하는 '0'으로 바뀝니다.
C:\Program Files (x86)\Windows Kits\10\Include\10.0.19041.0\um\winioctl.h(15688,22): warning C4668: '_WIN32_WINNT_WIN10_RS4'은(는) 전처리기 매크로로 정의되어 있지 않으므로 '#if/#elif'에 해당하는 '0'으로 바뀝니다.
C:\Program Files (x86)\Windows Kits\10\Include\10.0.19041.0\um\winioctl.h(15916,22): warning C4668: '_WIN32_WINNT_WIN10_RS1'은(는) 전처리기 매크로로 정의되어 있지 않으므로 '#if/#elif'에 해당하는 '0'으로 바뀝니다.
C:\Program Files (x86)\Windows Kits\10\Include\10.0.19041.0\shared\dxgi.h(174,19): warning C4820: 'DXGI_FRAME_STATISTICS': '4' 바이트 패딩이 데이터 멤버 'DXGI_FRAME_STATISTICS::SyncRefreshCount' 다음에 추가됨
C:\Program Files (x86)\Windows Kits\10\Include\10.0.19041.0\shared\dxgi.h(181,16): warning C4820: 'DXGI_MAPPED_RECT': '4' 바이트 패딩이 데이터 멤버 'DXGI_MAPPED_RECT::Pitch' 다음에 추가됨
C:\Program Files (x86)\Windows Kits\10\Include\10.0.19041.0\shared\dxgi.h(291,10): warning C4820: 'DXGI_SWAP_CHAIN_DESC': '4' 바이트 패딩이 데이터 멤버 'DXGI_SWAP_CHAIN_DESC::BufferCount' 다음에 추가됨
C:\Program Files (x86)\Windows Kits\10\Include\10.0.19041.0\shared\dxgi.h(295,5): warning C4820: 'DXGI_SWAP_CHAIN_DESC': '4' 바이트 패딩이 데이터 멤버 'DXGI_SWAP_CHAIN_DESC::Flags' 다음에 추가됨
C:\Program Files (x86)\Windows Kits\10\Include\10.0.19041.0\shared\dxgi.h(2388,5): warning C4820: 'DXGI_ADAPTER_DESC1': '4' 바이트 패딩이 데이터 멤버 'DXGI_ADAPTER_DESC1::Flags' 다음에 추가됨
C:\Program Files (x86)\Windows Kits\10\Include\10.0.19041.0\shared\dxgi1_2.h(1213,62): warning C4820: 'DXGI_PRESENT_PARAMETERS': '4' 바이트 패딩이 데이터 멤버 'DXGI_PRESENT_PARAMETERS::DirtyRectsCount' 다음에 추가됨
C:\Program Files (x86)\Windows Kits\10\Include\10.0.19041.0\shared\dxgi1_2.h(1992,5): warning C4820: 'DXGI_ADAPTER_DESC2': '4' 바이트 패딩이 데이터 멤버 'DXGI_ADAPTER_DESC2::ComputePreemptionGranularity' 다음에 추가됨
C:\Program Files (x86)\Windows Kits\10\Include\10.0.19041.0\shared\dxgi1_3.h(1667,19): warning C4820: 'DXGI_FRAME_STATISTICS_MEDIA': '4' 바이트 패딩이 데이터 멤버 'DXGI_FRAME_STATISTICS_MEDIA::SyncRefreshCount' 다음에 추가됨
C:\Program Files (x86)\Windows Kits\10\Include\10.0.19041.0\um\d3d11.h(1113,12): warning C4820: 'D3D11_SO_DECLARATION_ENTRY': '4' 바이트 패딩이 데이터 멤버 'D3D11_SO_DECLARATION_ENTRY::Stream' 다음에 추가됨
C:\Program Files (x86)\Windows Kits\10\Include\10.0.19041.0\um\d3d11.h(1118,5): warning C4820: 'D3D11_SO_DECLARATION_ENTRY': '1' 바이트 패딩이 데이터 멤버 'D3D11_SO_DECLARATION_ENTRY::OutputSlot' 다음에 추가됨
C:\Program Files (x86)\Windows Kits\10\Include\10.0.19041.0\um\d3d11.h(1348,16): warning C4365: '=': 'LONG'에서 'UINT'(으)로의 변환입니다. signed 또는 unsigned가 일치하지 않습니다.
C:\Program Files (x86)\Windows Kits\10\Include\10.0.19041.0\um\d3d11.h(1349,15): warning C4365: '=': 'LONG'에서 'UINT'(으)로의 변환입니다. signed 또는 unsigned가 일치하지 않습니다.
C:\Program Files (x86)\Windows Kits\10\Include\10.0.19041.0\um\d3d11.h(1350,17): warning C4365: '=': 'LONG'에서 'UINT'(으)로의 변환입니다. signed 또는 unsigned가 일치하지 않습니다.
C:\Program Files (x86)\Windows Kits\10\Include\10.0.19041.0\um\d3d11.h(1351,17): warning C4365: '=': 'LONG'에서 'UINT'(으)로의 변환입니다. signed 또는 unsigned가 일치하지 않습니다.
C:\Program Files (x86)\Windows Kits\10\Include\10.0.19041.0\um\d3d11.h(1352,18): warning C4365: '=': 'LONG'에서 'UINT'(으)로의 변환입니다. signed 또는 unsigned가 일치하지 않습니다.
C:\Program Files (x86)\Windows Kits\10\Include\10.0.19041.0\um\d3d11.h(1353,16): warning C4365: '=': 'LONG'에서 'UINT'(으)로의 변환입니다. signed 또는 unsigned가 일치하지 않습니다.
C:\Program Files (x86)\Windows Kits\10\Include\10.0.19041.0\um\d3d11.h(1563,32): warning C4820: 'D3D11_DEPTH_STENCIL_DESC': '2' 바이트 패딩이 데이터 멤버 'D3D11_DEPTH_STENCIL_DESC::StencilWriteMask' 다음에 추가됨
C:\Program Files (x86)\Windows Kits\10\Include\10.0.19041.0\um\d3d11.h(1808,5): warning C4820: 'D3D11_RENDER_TARGET_BLEND_DESC': '3' 바이트 패딩이 데이터 멤버 'D3D11_RENDER_TARGET_BLEND_DESC::RenderTargetWriteMask' 다음에 추가됨
C:\Program Files (x86)\Windows Kits\10\Include\10.0.19041.0\um\d3d11.h(3468,9): warning C4061: 열거형 'D3D_SRV_DIMENSION'의 switch에 있는 'D3D_SRV_DIMENSION_UNKNOWN' 열거자는 case 레이블에 의해 명시적으로 처리되지 않습니다.
C:\Program Files (x86)\Windows Kits\10\Include\10.0.19041.0\um\d3dcommon.h(296,6): message : 'D3D_SRV_DIMENSION' 선언을 참조하십시오.
C:\Program Files (x86)\Windows Kits\10\Include\10.0.19041.0\um\d3d11.h(3468,9): warning C4061: 열거형 'D3D_SRV_DIMENSION'의 switch에 있는 'D3D10_SRV_DIMENSION_UNKNOWN' 열거자는 case 레이블에 의해 명시적으로 처리되지 않습니다.
C:\Program Files (x86)\Windows Kits\10\Include\10.0.19041.0\um\d3dcommon.h(296,6): message : 'D3D_SRV_DIMENSION' 선언을 참조하십시오.
C:\Program Files (x86)\Windows Kits\10\Include\10.0.19041.0\um\d3d11.h(3468,9): warning C4061: 열거형 'D3D_SRV_DIMENSION'의 switch에 있는 'D3D10_1_SRV_DIMENSION_UNKNOWN' 열거자는 case 레이블에 의해 명시적으로 처리되지 않습니다.
C:\Program Files (x86)\Windows Kits\10\Include\10.0.19041.0\um\d3dcommon.h(296,6): message : 'D3D_SRV_DIMENSION' 선언을 참조하십시오.
C:\Program Files (x86)\Windows Kits\10\Include\10.0.19041.0\um\d3d11.h(3468,9): warning C4061: 열거형 'D3D_SRV_DIMENSION'의 switch에 있는 'D3D11_SRV_DIMENSION_UNKNOWN' 열거자는 case 레이블에 의해 명시적으로 처리되지 않습니다.
C:\Program Files (x86)\Windows Kits\10\Include\10.0.19041.0\um\d3dcommon.h(296,6): message : 'D3D_SRV_DIMENSION' 선언을 참조하십시오.
C:\Program Files (x86)\Windows Kits\10\Include\10.0.19041.0\um\d3d11.h(3516,9): warning C4061: 열거형 'D3D_SRV_DIMENSION'의 switch에 있는 'D3D_SRV_DIMENSION_UNKNOWN' 열거자는 case 레이블에 의해 명시적으로 처리되지 않습니다.
C:\Program Files (x86)\Windows Kits\10\Include\10.0.19041.0\um\d3dcommon.h(296,6): message : 'D3D_SRV_DIMENSION' 선언을 참조하십시오.
C:\Program Files (x86)\Windows Kits\10\Include\10.0.19041.0\um\d3d11.h(3516,9): warning C4061: 열거형 'D3D_SRV_DIMENSION'의 switch에 있는 'D3D_SRV_DIMENSION_BUFFER' 열거자는 case 레이블에 의해 명시적으로 처리되지 않습니다.
C:\Program Files (x86)\Windows Kits\10\Include\10.0.19041.0\um\d3dcommon.h(296,6): message : 'D3D_SRV_DIMENSION' 선언을 참조하십시오.
C:\Program Files (x86)\Windows Kits\10\Include\10.0.19041.0\um\d3d11.h(3516,9): warning C4061: 열거형 'D3D_SRV_DIMENSION'의 switch에 있는 'D3D_SRV_DIMENSION_TEXTURE2D' 열거자는 case 레이블에 의해 명시적으로 처리되지 않습니다.
C:\Program Files (x86)\Windows Kits\10\Include\10.0.19041.0\um\d3dcommon.h(296,6): message : 'D3D_SRV_DIMENSION' 선언을 참조하십시오.
C:\Program Files (x86)\Windows Kits\10\Include\10.0.19041.0\um\d3d11.h(3516,9): warning C4061: 열거형 'D3D_SRV_DIMENSION'의 switch에 있는 'D3D_SRV_DIMENSION_TEXTURE2DARRAY' 열거자는 case 레이블에 의해 명시적으로 처리되지 않습니다.
C:\Program Files (x86)\Windows Kits\10\Include\10.0.19041.0\um\d3dcommon.h(296,6): message : 'D3D_SRV_DIMENSION' 선언을 참조하십시오.
C:\Program Files (x86)\Windows Kits\10\Include\10.0.19041.0\um\d3d11.h(3516,9): warning C4061: 열거형 'D3D_SRV_DIMENSION'의 switch에 있는 'D3D_SRV_DIMENSION_TEXTURE2DMS' 열거자는 case 레이블에 의해 명시적으로 처리되지 않습니다.
C:\Program Files (x86)\Windows Kits\10\Include\10.0.19041.0\um\d3dcommon.h(296,6): message : 'D3D_SRV_DIMENSION' 선언을 참조하십시오.
C:\Program Files (x86)\Windows Kits\10\Include\10.0.19041.0\um\d3d11.h(3516,9): warning C4061: 열거형 'D3D_SRV_DIMENSION'의 switch에 있는 'D3D_SRV_DIMENSION_TEXTURE2DMSARRAY' 열거자는 case 레이블에 의해 명시적으로 처리되지 않습니다.
C:\Program Files (x86)\Windows Kits\10\Include\10.0.19041.0\um\d3dcommon.h(296,6): message : 'D3D_SRV_DIMENSION' 선언을 참조하십시오.
C:\Program Files (x86)\Windows Kits\10\Include\10.0.19041.0\um\d3d11.h(3516,9): warning C4061: 열거형 'D3D_SRV_DIMENSION'의 switch에 있는 'D3D_SRV_DIMENSION_TEXTURE3D' 열거자는 case 레이블에 의해 명시적으로 처리되지 않습니다.
C:\Program Files (x86)\Windows Kits\10\Include\10.0.19041.0\um\d3dcommon.h(296,6): message : 'D3D_SRV_DIMENSION' 선언을 참조하십시오.
C:\Program Files (x86)\Windows Kits\10\Include\10.0.19041.0\um\d3d11.h(3516,9): warning C4061: 열거형 'D3D_SRV_DIMENSION'의 switch에 있는 'D3D_SRV_DIMENSION_TEXTURECUBE' 열거자는 case 레이블에 의해 명시적으로 처리되지 않습니다.
C:\Program Files (x86)\Windows Kits\10\Include\10.0.19041.0\um\d3dcommon.h(296,6): message : 'D3D_SRV_DIMENSION' 선언을 참조하십시오.
C:\Program Files (x86)\Windows Kits\10\Include\10.0.19041.0\um\d3d11.h(3516,9): warning C4061: 열거형 'D3D_SRV_DIMENSION'의 switch에 있는 'D3D_SRV_DIMENSION_TEXTURECUBEARRAY' 열거자는 case 레이블에 의해 명시적으로 처리되지 않습니다.
C:\Program Files (x86)\Windows Kits\10\Include\10.0.19041.0\um\d3dcommon.h(296,6): message : 'D3D_SRV_DIMENSION' 선언을 참조하십시오.
C:\Program Files (x86)\Windows Kits\10\Include\10.0.19041.0\um\d3d11.h(3516,9): warning C4061: 열거형 'D3D_SRV_DIMENSION'의 switch에 있는 'D3D_SRV_DIMENSION_BUFFEREX' 열거자는 case 레이블에 의해 명시적으로 처리되지 않습니다.
C:\Program Files (x86)\Windows Kits\10\Include\10.0.19041.0\um\d3dcommon.h(296,6): message : 'D3D_SRV_DIMENSION' 선언을 참조하십시오.
C:\Program Files (x86)\Windows Kits\10\Include\10.0.19041.0\um\d3d11.h(3516,9): warning C4061: 열거형 'D3D_SRV_DIMENSION'의 switch에 있는 'D3D10_SRV_DIMENSION_UNKNOWN' 열거자는 case 레이블에 의해 명시적으로 처리되지 않습니다.
C:\Program Files (x86)\Windows Kits\10\Include\10.0.19041.0\um\d3dcommon.h(296,6): message : 'D3D_SRV_DIMENSION' 선언을 참조하십시오.
C:\Program Files (x86)\Windows Kits\10\Include\10.0.19041.0\um\d3d11.h(3516,9): warning C4061: 열거형 'D3D_SRV_DIMENSION'의 switch에 있는 'D3D10_SRV_DIMENSION_BUFFER' 열거자는 case 레이블에 의해 명시적으로 처리되지 않습니다.
C:\Program Files (x86)\Windows Kits\10\Include\10.0.19041.0\um\d3dcommon.h(296,6): message : 'D3D_SRV_DIMENSION' 선언을 참조하십시오.
C:\Program Files (x86)\Windows Kits\10\Include\10.0.19041.0\um\d3d11.h(3516,9): warning C4061: 열거형 'D3D_SRV_DIMENSION'의 switch에 있는 'D3D10_SRV_DIMENSION_TEXTURE2D' 열거자는 case 레이블에 의해 명시적으로 처리되지 않습니다.
C:\Program Files (x86)\Windows Kits\10\Include\10.0.19041.0\um\d3dcommon.h(296,6): message : 'D3D_SRV_DIMENSION' 선언을 참조하십시오.
C:\Program Files (x86)\Windows Kits\10\Include\10.0.19041.0\um\d3d11.h(3516,9): warning C4061: 열거형 'D3D_SRV_DIMENSION'의 switch에 있는 'D3D10_SRV_DIMENSION_TEXTURE2DARRAY' 열거자는 case 레이블에 의해 명시적으로 처리되지 않습니다.
C:\Program Files (x86)\Windows Kits\10\Include\10.0.19041.0\um\d3dcommon.h(296,6): message : 'D3D_SRV_DIMENSION' 선언을 참조하십시오.
C:\Program Files (x86)\Windows Kits\10\Include\10.0.19041.0\um\d3d11.h(3516,9): warning C4061: 열거형 'D3D_SRV_DIMENSION'의 switch에 있는 'D3D10_SRV_DIMENSION_TEXTURE2DMS' 열거자는 case 레이블에 의해 명시적으로 처리되지 않습니다.
C:\Program Files (x86)\Windows Kits\10\Include\10.0.19041.0\um\d3dcommon.h(296,6): message : 'D3D_SRV_DIMENSION' 선언을 참조하십시오.
C:\Program Files (x86)\Windows Kits\10\Include\10.0.19041.0\um\d3d11.h(3516,9): warning C4061: 열거형 'D3D_SRV_DIMENSION'의 switch에 있는 'D3D10_SRV_DIMENSION_TEXTURE2DMSARRAY' 열거자는 case 레이블에 의해 명시적으로 처리되지 않습니다.
C:\Program Files (x86)\Windows Kits\10\Include\10.0.19041.0\um\d3dcommon.h(296,6): message : 'D3D_SRV_DIMENSION' 선언을 참조하십시오.
C:\Program Files (x86)\Windows Kits\10\Include\10.0.19041.0\um\d3d11.h(3516,9): warning C4061: 열거형 'D3D_SRV_DIMENSION'의 switch에 있는 'D3D10_SRV_DIMENSION_TEXTURE3D' 열거자는 case 레이블에 의해 명시적으로 처리되지 않습니다.
C:\Program Files (x86)\Windows Kits\10\Include\10.0.19041.0\um\d3dcommon.h(296,6): message : 'D3D_SRV_DIMENSION' 선언을 참조하십시오.
C:\Program Files (x86)\Windows Kits\10\Include\10.0.19041.0\um\d3d11.h(3516,9): warning C4061: 열거형 'D3D_SRV_DIMENSION'의 switch에 있는 'D3D10_SRV_DIMENSION_TEXTURECUBE' 열거자는 case 레이블에 의해 명시적으로 처리되지 않습니다.
C:\Program Files (x86)\Windows Kits\10\Include\10.0.19041.0\um\d3dcommon.h(296,6): message : 'D3D_SRV_DIMENSION' 선언을 참조하십시오.
C:\Program Files (x86)\Windows Kits\10\Include\10.0.19041.0\um\d3d11.h(3516,9): warning C4061: 열거형 'D3D_SRV_DIMENSION'의 switch에 있는 'D3D10_1_SRV_DIMENSION_UNKNOWN' 열거자는 case 레이블에 의해 명시적으로 처리되지 않습니다.
C:\Program Files (x86)\Windows Kits\10\Include\10.0.19041.0\um\d3dcommon.h(296,6): message : 'D3D_SRV_DIMENSION' 선언을 참조하십시오.
C:\Program Files (x86)\Windows Kits\10\Include\10.0.19041.0\um\d3d11.h(3516,9): warning C4061: 열거형 'D3D_SRV_DIMENSION'의 switch에 있는 'D3D10_1_SRV_DIMENSION_BUFFER' 열거자는 case 레이블에 의해 명시적으로 처리되지 않습니다.
C:\Program Files (x86)\Windows Kits\10\Include\10.0.19041.0\um\d3dcommon.h(296,6): message : 'D3D_SRV_DIMENSION' 선언을 참조하십시오.
C:\Program Files (x86)\Windows Kits\10\Include\10.0.19041.0\um\d3d11.h(3516,9): warning C4061: 열거형 'D3D_SRV_DIMENSION'의 switch에 있는 'D3D10_1_SRV_DIMENSION_TEXTURE2D' 열거자는 case 레이블에 의해 명시적으로 처리되지 않습니다.
C:\Program Files (x86)\Windows Kits\10\Include\10.0.19041.0\um\d3dcommon.h(296,6): message : 'D3D_SRV_DIMENSION' 선언을 참조하십시오.
C:\Program Files (x86)\Windows Kits\10\Include\10.0.19041.0\um\d3d11.h(3516,9): warning C4061: 열거형 'D3D_SRV_DIMENSION'의 switch에 있는 'D3D10_1_SRV_DIMENSION_TEXTURE2DARRAY' 열거자는 case 레이블에 의해 명시적으로 처리되지 않습니다.
C:\Program Files (x86)\Windows Kits\10\Include\10.0.19041.0\um\d3dcommon.h(296,6): message : 'D3D_SRV_DIMENSION' 선언을 참조하십시오.
C:\Program Files (x86)\Windows Kits\10\Include\10.0.19041.0\um\d3d11.h(3516,9): warning C4061: 열거형 'D3D_SRV_DIMENSION'의 switch에 있는 'D3D10_1_SRV_DIMENSION_TEXTURE2DMS' 열거자는 case 레이블에 의해 명시적으로 처리되지 않습니다.
C:\Program Files (x86)\Windows Kits\10\Include\10.0.19041.0\um\d3dcommon.h(296,6): message : 'D3D_SRV_DIMENSION' 선언을 참조하십시오.
C:\Program Files (x86)\Windows Kits\10\Include\10.0.19041.0\um\d3d11.h(3516,9): warning C4061: 열거형 'D3D_SRV_DIMENSION'의 switch에 있는 'D3D10_1_SRV_DIMENSION_TEXTURE2DMSARRAY' 열거자는 case 레이블에 의해 명시적으로 처리되지 않습니다.
C:\Program Files (x86)\Windows Kits\10\Include\10.0.19041.0\um\d3dcommon.h(296,6): message : 'D3D_SRV_DIMENSION' 선언을 참조하십시오.
C:\Program Files (x86)\Windows Kits\10\Include\10.0.19041.0\um\d3d11.h(3516,9): warning C4061: 열거형 'D3D_SRV_DIMENSION'의 switch에 있는 'D3D10_1_SRV_DIMENSION_TEXTURE3D' 열거자는 case 레이블에 의해 명시적으로 처리되지 않습니다.
C:\Program Files (x86)\Windows Kits\10\Include\10.0.19041.0\um\d3dcommon.h(296,6): message : 'D3D_SRV_DIMENSION' 선언을 참조하십시오.
C:\Program Files (x86)\Windows Kits\10\Include\10.0.19041.0\um\d3d11.h(3516,9): warning C4061: 열거형 'D3D_SRV_DIMENSION'의 switch에 있는 'D3D10_1_SRV_DIMENSION_TEXTURECUBE' 열거자는 case 레이블에 의해 명시적으로 처리되지 않습니다.
C:\Program Files (x86)\Windows Kits\10\Include\10.0.19041.0\um\d3dcommon.h(296,6): message : 'D3D_SRV_DIMENSION' 선언을 참조하십시오.
C:\Program Files (x86)\Windows Kits\10\Include\10.0.19041.0\um\d3d11.h(3516,9): warning C4061: 열거형 'D3D_SRV_DIMENSION'의 switch에 있는 'D3D10_1_SRV_DIMENSION_TEXTURECUBEARRAY' 열거자는 case 레이블에 의해 명시적으로 처리되지 않습니다.
C:\Program Files (x86)\Windows Kits\10\Include\10.0.19041.0\um\d3dcommon.h(296,6): message : 'D3D_SRV_DIMENSION' 선언을 참조하십시오.
C:\Program Files (x86)\Windows Kits\10\Include\10.0.19041.0\um\d3d11.h(3516,9): warning C4061: 열거형 'D3D_SRV_DIMENSION'의 switch에 있는 'D3D11_SRV_DIMENSION_UNKNOWN' 열거자는 case 레이블에 의해 명시적으로 처리되지 않습니다.
C:\Program Files (x86)\Windows Kits\10\Include\10.0.19041.0\um\d3dcommon.h(296,6): message : 'D3D_SRV_DIMENSION' 선언을 참조하십시오.
C:\Program Files (x86)\Windows Kits\10\Include\10.0.19041.0\um\d3d11.h(3516,9): warning C4061: 열거형 'D3D_SRV_DIMENSION'의 switch에 있는 'D3D11_SRV_DIMENSION_BUFFER' 열거자는 case 레이블에 의해 명시적으로 처리되지 않습니다.
C:\Program Files (x86)\Windows Kits\10\Include\10.0.19041.0\um\d3dcommon.h(296,6): message : 'D3D_SRV_DIMENSION' 선언을 참조하십시오.
C:\Program Files (x86)\Windows Kits\10\Include\10.0.19041.0\um\d3d11.h(3516,9): warning C4061: 열거형 'D3D_SRV_DIMENSION'의 switch에 있는 'D3D11_SRV_DIMENSION_TEXTURE2D' 열거자는 case 레이블에 의해 명시적으로 처리되지 않습니다.
C:\Program Files (x86)\Windows Kits\10\Include\10.0.19041.0\um\d3dcommon.h(296,6): message : 'D3D_SRV_DIMENSION' 선언을 참조하십시오.
C:\Program Files (x86)\Windows Kits\10\Include\10.0.19041.0\um\d3d11.h(3516,9): warning C4061: 열거형 'D3D_SRV_DIMENSION'의 switch에 있는 'D3D11_SRV_DIMENSION_TEXTURE2DARRAY' 열거자는 case 레이블에 의해 명시적으로 처리되지 않습니다.
C:\Program Files (x86)\Windows Kits\10\Include\10.0.19041.0\um\d3dcommon.h(296,6): message : 'D3D_SRV_DIMENSION' 선언을 참조하십시오.
C:\Program Files (x86)\Windows Kits\10\Include\10.0.19041.0\um\d3d11.h(3516,9): warning C4061: 열거형 'D3D_SRV_DIMENSION'의 switch에 있는 'D3D11_SRV_DIMENSION_TEXTURE2DMS' 열거자는 case 레이블에 의해 명시적으로 처리되지 않습니다.
C:\Program Files (x86)\Windows Kits\10\Include\10.0.19041.0\um\d3dcommon.h(296,6): message : 'D3D_SRV_DIMENSION' 선언을 참조하십시오.
C:\Program Files (x86)\Windows Kits\10\Include\10.0.19041.0\um\d3d11.h(3516,9): warning C4061: 열거형 'D3D_SRV_DIMENSION'의 switch에 있는 'D3D11_SRV_DIMENSION_TEXTURE2DMSARRAY' 열거자는 case 레이블에 의해 명시적으로 처리되지 않습니다.
C:\Program Files (x86)\Windows Kits\10\Include\10.0.19041.0\um\d3dcommon.h(296,6): message : 'D3D_SRV_DIMENSION' 선언을 참조하십시오.
C:\Program Files (x86)\Windows Kits\10\Include\10.0.19041.0\um\d3d11.h(3516,9): warning C4061: 열거형 'D3D_SRV_DIMENSION'의 switch에 있는 'D3D11_SRV_DIMENSION_TEXTURE3D' 열거자는 case 레이블에 의해 명시적으로 처리되지 않습니다.
C:\Program Files (x86)\Windows Kits\10\Include\10.0.19041.0\um\d3dcommon.h(296,6): message : 'D3D_SRV_DIMENSION' 선언을 참조하십시오.
C:\Program Files (x86)\Windows Kits\10\Include\10.0.19041.0\um\d3d11.h(3516,9): warning C4061: 열거형 'D3D_SRV_DIMENSION'의 switch에 있는 'D3D11_SRV_DIMENSION_TEXTURECUBE' 열거자는 case 레이블에 의해 명시적으로 처리되지 않습니다.
C:\Program Files (x86)\Windows Kits\10\Include\10.0.19041.0\um\d3dcommon.h(296,6): message : 'D3D_SRV_DIMENSION' 선언을 참조하십시오.
C:\Program Files (x86)\Windows Kits\10\Include\10.0.19041.0\um\d3d11.h(3516,9): warning C4061: 열거형 'D3D_SRV_DIMENSION'의 switch에 있는 'D3D11_SRV_DIMENSION_TEXTURECUBEARRAY' 열거자는 case 레이블에 의해 명시적으로 처리되지 않습니다.
C:\Program Files (x86)\Windows Kits\10\Include\10.0.19041.0\um\d3dcommon.h(296,6): message : 'D3D_SRV_DIMENSION' 선언을 참조하십시오.
C:\Program Files (x86)\Windows Kits\10\Include\10.0.19041.0\um\d3d11.h(3516,9): warning C4061: 열거형 'D3D_SRV_DIMENSION'의 switch에 있는 'D3D11_SRV_DIMENSION_BUFFEREX' 열거자는 case 레이블에 의해 명시적으로 처리되지 않습니다.
C:\Program Files (x86)\Windows Kits\10\Include\10.0.19041.0\um\d3dcommon.h(296,6): message : 'D3D_SRV_DIMENSION' 선언을 참조하십시오.
C:\Program Files (x86)\Windows Kits\10\Include\10.0.19041.0\um\d3d11.h(3577,9): warning C4061: 열거형 'D3D_SRV_DIMENSION'의 switch에 있는 'D3D_SRV_DIMENSION_UNKNOWN' 열거자는 case 레이블에 의해 명시적으로 처리되지 않습니다.
C:\Program Files (x86)\Windows Kits\10\Include\10.0.19041.0\um\d3dcommon.h(296,6): message : 'D3D_SRV_DIMENSION' 선언을 참조하십시오.
C:\Program Files (x86)\Windows Kits\10\Include\10.0.19041.0\um\d3d11.h(3577,9): warning C4061: 열거형 'D3D_SRV_DIMENSION'의 switch에 있는 'D3D_SRV_DIMENSION_BUFFER' 열거자는 case 레이블에 의해 명시적으로 처리되지 않습니다.
C:\Program Files (x86)\Windows Kits\10\Include\10.0.19041.0\um\d3dcommon.h(296,6): message : 'D3D_SRV_DIMENSION' 선언을 참조하십시오.
C:\Program Files (x86)\Windows Kits\10\Include\10.0.19041.0\um\d3d11.h(3577,9): warning C4061: 열거형 'D3D_SRV_DIMENSION'의 switch에 있는 'D3D_SRV_DIMENSION_TEXTURE1D' 열거자는 case 레이블에 의해 명시적으로 처리되지 않습니다.
C:\Program Files (x86)\Windows Kits\10\Include\10.0.19041.0\um\d3dcommon.h(296,6): message : 'D3D_SRV_DIMENSION' 선언을 참조하십시오.
C:\Program Files (x86)\Windows Kits\10\Include\10.0.19041.0\um\d3d11.h(3577,9): warning C4061: 열거형 'D3D_SRV_DIMENSION'의 switch에 있는 'D3D_SRV_DIMENSION_TEXTURE1DARRAY' 열거자는 case 레이블에 의해 명시적으로 처리되지 않습니다.
C:\Program Files (x86)\Windows Kits\10\Include\10.0.19041.0\um\d3dcommon.h(296,6): message : 'D3D_SRV_DIMENSION' 선언을 참조하십시오.
C:\Program Files (x86)\Windows Kits\10\Include\10.0.19041.0\um\d3d11.h(3577,9): warning C4061: 열거형 'D3D_SRV_DIMENSION'의 switch에 있는 'D3D_SRV_DIMENSION_TEXTURE3D' 열거자는 case 레이블에 의해 명시적으로 처리되지 않습니다.
C:\Program Files (x86)\Windows Kits\10\Include\10.0.19041.0\um\d3dcommon.h(296,6): message : 'D3D_SRV_DIMENSION' 선언을 참조하십시오.
C:\Program Files (x86)\Windows Kits\10\Include\10.0.19041.0\um\d3d11.h(3577,9): warning C4061: 열거형 'D3D_SRV_DIMENSION'의 switch에 있는 'D3D_SRV_DIMENSION_BUFFEREX' 열거자는 case 레이블에 의해 명시적으로 처리되지 않습니다.
C:\Program Files (x86)\Windows Kits\10\Include\10.0.19041.0\um\d3dcommon.h(296,6): message : 'D3D_SRV_DIMENSION' 선언을 참조하십시오.
C:\Program Files (x86)\Windows Kits\10\Include\10.0.19041.0\um\d3d11.h(3577,9): warning C4061: 열거형 'D3D_SRV_DIMENSION'의 switch에 있는 'D3D10_SRV_DIMENSION_UNKNOWN' 열거자는 case 레이블에 의해 명시적으로 처리되지 않습니다.
C:\Program Files (x86)\Windows Kits\10\Include\10.0.19041.0\um\d3dcommon.h(296,6): message : 'D3D_SRV_DIMENSION' 선언을 참조하십시오.
C:\Program Files (x86)\Windows Kits\10\Include\10.0.19041.0\um\d3d11.h(3577,9): warning C4061: 열거형 'D3D_SRV_DIMENSION'의 switch에 있는 'D3D10_SRV_DIMENSION_BUFFER' 열거자는 case 레이블에 의해 명시적으로 처리되지 않습니다.
C:\Program Files (x86)\Windows Kits\10\Include\10.0.19041.0\um\d3dcommon.h(296,6): message : 'D3D_SRV_DIMENSION' 선언을 참조하십시오.
C:\Program Files (x86)\Windows Kits\10\Include\10.0.19041.0\um\d3d11.h(3577,9): warning C4061: 열거형 'D3D_SRV_DIMENSION'의 switch에 있는 'D3D10_SRV_DIMENSION_TEXTURE1D' 열거자는 case 레이블에 의해 명시적으로 처리되지 않습니다.
C:\Program Files (x86)\Windows Kits\10\Include\10.0.19041.0\um\d3dcommon.h(296,6): message : 'D3D_SRV_DIMENSION' 선언을 참조하십시오.
C:\Program Files (x86)\Windows Kits\10\Include\10.0.19041.0\um\d3d11.h(3577,9): warning C4061: 열거형 'D3D_SRV_DIMENSION'의 switch에 있는 'D3D10_SRV_DIMENSION_TEXTURE1DARRAY' 열거자는 case 레이블에 의해 명시적으로 처리되지 않습니다.
C:\Program Files (x86)\Windows Kits\10\Include\10.0.19041.0\um\d3dcommon.h(296,6): message : 'D3D_SRV_DIMENSION' 선언을 참조하십시오.
C:\Program Files (x86)\Windows Kits\10\Include\10.0.19041.0\um\d3d11.h(3577,9): warning C4061: 열거형 'D3D_SRV_DIMENSION'의 switch에 있는 'D3D10_SRV_DIMENSION_TEXTURE3D' 열거자는 case 레이블에 의해 명시적으로 처리되지 않습니다.
C:\Program Files (x86)\Windows Kits\10\Include\10.0.19041.0\um\d3dcommon.h(296,6): message : 'D3D_SRV_DIMENSION' 선언을 참조하십시오.
C:\Program Files (x86)\Windows Kits\10\Include\10.0.19041.0\um\d3d11.h(3577,9): warning C4061: 열거형 'D3D_SRV_DIMENSION'의 switch에 있는 'D3D10_1_SRV_DIMENSION_UNKNOWN' 열거자는 case 레이블에 의해 명시적으로 처리되지 않습니다.
C:\Program Files (x86)\Windows Kits\10\Include\10.0.19041.0\um\d3dcommon.h(296,6): message : 'D3D_SRV_DIMENSION' 선언을 참조하십시오.
C:\Program Files (x86)\Windows Kits\10\Include\10.0.19041.0\um\d3d11.h(3577,9): warning C4061: 열거형 'D3D_SRV_DIMENSION'의 switch에 있는 'D3D10_1_SRV_DIMENSION_BUFFER' 열거자는 case 레이블에 의해 명시적으로 처리되지 않습니다.
C:\Program Files (x86)\Windows Kits\10\Include\10.0.19041.0\um\d3dcommon.h(296,6): message : 'D3D_SRV_DIMENSION' 선언을 참조하십시오.
C:\Program Files (x86)\Windows Kits\10\Include\10.0.19041.0\um\d3d11.h(3577,9): warning C4061: 열거형 'D3D_SRV_DIMENSION'의 switch에 있는 'D3D10_1_SRV_DIMENSION_TEXTURE1D' 열거자는 case 레이블에 의해 명시적으로 처리되지 않습니다.
C:\Program Files (x86)\Windows Kits\10\Include\10.0.19041.0\um\d3dcommon.h(296,6): message : 'D3D_SRV_DIMENSION' 선언을 참조하십시오.
C:\Program Files (x86)\Windows Kits\10\Include\10.0.19041.0\um\d3d11.h(3577,9): warning C4061: 열거형 'D3D_SRV_DIMENSION'의 switch에 있는 'D3D10_1_SRV_DIMENSION_TEXTURE1DARRAY' 열거자는 case 레이블에 의해 명시적으로 처리되지 않습니다.
C:\Program Files (x86)\Windows Kits\10\Include\10.0.19041.0\um\d3dcommon.h(296,6): message : 'D3D_SRV_DIMENSION' 선언을 참조하십시오.
C:\Program Files (x86)\Windows Kits\10\Include\10.0.19041.0\um\d3d11.h(3577,9): warning C4061: 열거형 'D3D_SRV_DIMENSION'의 switch에 있는 'D3D10_1_SRV_DIMENSION_TEXTURE3D' 열거자는 case 레이블에 의해 명시적으로 처리되지 않습니다.
C:\Program Files (x86)\Windows Kits\10\Include\10.0.19041.0\um\d3dcommon.h(296,6): message : 'D3D_SRV_DIMENSION' 선언을 참조하십시오.
C:\Program Files (x86)\Windows Kits\10\Include\10.0.19041.0\um\d3d11.h(3577,9): warning C4061: 열거형 'D3D_SRV_DIMENSION'의 switch에 있는 'D3D11_SRV_DIMENSION_UNKNOWN' 열거자는 case 레이블에 의해 명시적으로 처리되지 않습니다.
C:\Program Files (x86)\Windows Kits\10\Include\10.0.19041.0\um\d3dcommon.h(296,6): message : 'D3D_SRV_DIMENSION' 선언을 참조하십시오.
C:\Program Files (x86)\Windows Kits\10\Include\10.0.19041.0\um\d3d11.h(3577,9): warning C4061: 열거형 'D3D_SRV_DIMENSION'의 switch에 있는 'D3D11_SRV_DIMENSION_BUFFER' 열거자는 case 레이블에 의해 명시적으로 처리되지 않습니다.
C:\Program Files (x86)\Windows Kits\10\Include\10.0.19041.0\um\d3dcommon.h(296,6): message : 'D3D_SRV_DIMENSION' 선언을 참조하십시오.
C:\Program Files (x86)\Windows Kits\10\Include\10.0.19041.0\um\d3d11.h(3577,9): warning C4061: 열거형 'D3D_SRV_DIMENSION'의 switch에 있는 'D3D11_SRV_DIMENSION_TEXTURE1D' 열거자는 case 레이블에 의해 명시적으로 처리되지 않습니다.
C:\Program Files (x86)\Windows Kits\10\Include\10.0.19041.0\um\d3dcommon.h(296,6): message : 'D3D_SRV_DIMENSION' 선언을 참조하십시오.
C:\Program Files (x86)\Windows Kits\10\Include\10.0.19041.0\um\d3d11.h(3577,9): warning C4061: 열거형 'D3D_SRV_DIMENSION'의 switch에 있는 'D3D11_SRV_DIMENSION_TEXTURE1DARRAY' 열거자는 case 레이블에 의해 명시적으로 처리되지 않습니다.
C:\Program Files (x86)\Windows Kits\10\Include\10.0.19041.0\um\d3dcommon.h(296,6): message : 'D3D_SRV_DIMENSION' 선언을 참조하십시오.
C:\Program Files (x86)\Windows Kits\10\Include\10.0.19041.0\um\d3d11.h(3577,9): warning C4061: 열거형 'D3D_SRV_DIMENSION'의 switch에 있는 'D3D11_SRV_DIMENSION_TEXTURE3D' 열거자는 case 레이블에 의해 명시적으로 처리되지 않습니다.
C:\Program Files (x86)\Windows Kits\10\Include\10.0.19041.0\um\d3dcommon.h(296,6): message : 'D3D_SRV_DIMENSION' 선언을 참조하십시오.
C:\Program Files (x86)\Windows Kits\10\Include\10.0.19041.0\um\d3d11.h(3577,9): warning C4061: 열거형 'D3D_SRV_DIMENSION'의 switch에 있는 'D3D11_SRV_DIMENSION_BUFFEREX' 열거자는 case 레이블에 의해 명시적으로 처리되지 않습니다.
C:\Program Files (x86)\Windows Kits\10\Include\10.0.19041.0\um\d3dcommon.h(296,6): message : 'D3D_SRV_DIMENSION' 선언을 참조하십시오.
C:\Program Files (x86)\Windows Kits\10\Include\10.0.19041.0\um\d3d11.h(3867,9): warning C4061: 열거형 'D3D11_RTV_DIMENSION'의 switch에 있는 'D3D11_RTV_DIMENSION_UNKNOWN' 열거자는 case 레이블에 의해 명시적으로 처리되지 않습니다.
C:\Program Files (x86)\Windows Kits\10\Include\10.0.19041.0\um\d3d11.h(1183,6): message : 'D3D11_RTV_DIMENSION' 선언을 참조하십시오.
C:\Program Files (x86)\Windows Kits\10\Include\10.0.19041.0\um\d3d11.h(3909,9): warning C4061: 열거형 'D3D11_RTV_DIMENSION'의 switch에 있는 'D3D11_RTV_DIMENSION_UNKNOWN' 열거자는 case 레이블에 의해 명시적으로 처리되지 않습니다.
C:\Program Files (x86)\Windows Kits\10\Include\10.0.19041.0\um\d3d11.h(1183,6): message : 'D3D11_RTV_DIMENSION' 선언을 참조하십시오.
C:\Program Files (x86)\Windows Kits\10\Include\10.0.19041.0\um\d3d11.h(3909,9): warning C4061: 열거형 'D3D11_RTV_DIMENSION'의 switch에 있는 'D3D11_RTV_DIMENSION_BUFFER' 열거자는 case 레이블에 의해 명시적으로 처리되지 않습니다.
C:\Program Files (x86)\Windows Kits\10\Include\10.0.19041.0\um\d3d11.h(1183,6): message : 'D3D11_RTV_DIMENSION' 선언을 참조하십시오.
C:\Program Files (x86)\Windows Kits\10\Include\10.0.19041.0\um\d3d11.h(3909,9): warning C4061: 열거형 'D3D11_RTV_DIMENSION'의 switch에 있는 'D3D11_RTV_DIMENSION_TEXTURE2D' 열거자는 case 레이블에 의해 명시적으로 처리되지 않습니다.
C:\Program Files (x86)\Windows Kits\10\Include\10.0.19041.0\um\d3d11.h(1183,6): message : 'D3D11_RTV_DIMENSION' 선언을 참조하십시오.
C:\Program Files (x86)\Windows Kits\10\Include\10.0.19041.0\um\d3d11.h(3909,9): warning C4061: 열거형 'D3D11_RTV_DIMENSION'의 switch에 있는 'D3D11_RTV_DIMENSION_TEXTURE2DARRAY' 열거자는 case 레이블에 의해 명시적으로 처리되지 않습니다.
C:\Program Files (x86)\Windows Kits\10\Include\10.0.19041.0\um\d3d11.h(1183,6): message : 'D3D11_RTV_DIMENSION' 선언을 참조하십시오.
C:\Program Files (x86)\Windows Kits\10\Include\10.0.19041.0\um\d3d11.h(3909,9): warning C4061: 열거형 'D3D11_RTV_DIMENSION'의 switch에 있는 'D3D11_RTV_DIMENSION_TEXTURE2DMS' 열거자는 case 레이블에 의해 명시적으로 처리되지 않습니다.
C:\Program Files (x86)\Windows Kits\10\Include\10.0.19041.0\um\d3d11.h(1183,6): message : 'D3D11_RTV_DIMENSION' 선언을 참조하십시오.
C:\Program Files (x86)\Windows Kits\10\Include\10.0.19041.0\um\d3d11.h(3909,9): warning C4061: 열거형 'D3D11_RTV_DIMENSION'의 switch에 있는 'D3D11_RTV_DIMENSION_TEXTURE2DMSARRAY' 열거자는 case 레이블에 의해 명시적으로 처리되지 않습니다.
C:\Program Files (x86)\Windows Kits\10\Include\10.0.19041.0\um\d3d11.h(1183,6): message : 'D3D11_RTV_DIMENSION' 선언을 참조하십시오.
C:\Program Files (x86)\Windows Kits\10\Include\10.0.19041.0\um\d3d11.h(3909,9): warning C4061: 열거형 'D3D11_RTV_DIMENSION'의 switch에 있는 'D3D11_RTV_DIMENSION_TEXTURE3D' 열거자는 case 레이블에 의해 명시적으로 처리되지 않습니다.
C:\Program Files (x86)\Windows Kits\10\Include\10.0.19041.0\um\d3d11.h(1183,6): message : 'D3D11_RTV_DIMENSION' 선언을 참조하십시오.
C:\Program Files (x86)\Windows Kits\10\Include\10.0.19041.0\um\d3d11.h(3948,9): warning C4061: 열거형 'D3D11_RTV_DIMENSION'의 switch에 있는 'D3D11_RTV_DIMENSION_UNKNOWN' 열거자는 case 레이블에 의해 명시적으로 처리되지 않습니다.
C:\Program Files (x86)\Windows Kits\10\Include\10.0.19041.0\um\d3d11.h(1183,6): message : 'D3D11_RTV_DIMENSION' 선언을 참조하십시오.
C:\Program Files (x86)\Windows Kits\10\Include\10.0.19041.0\um\d3d11.h(3948,9): warning C4061: 열거형 'D3D11_RTV_DIMENSION'의 switch에 있는 'D3D11_RTV_DIMENSION_BUFFER' 열거자는 case 레이블에 의해 명시적으로 처리되지 않습니다.
C:\Program Files (x86)\Windows Kits\10\Include\10.0.19041.0\um\d3d11.h(1183,6): message : 'D3D11_RTV_DIMENSION' 선언을 참조하십시오.
C:\Program Files (x86)\Windows Kits\10\Include\10.0.19041.0\um\d3d11.h(3948,9): warning C4061: 열거형 'D3D11_RTV_DIMENSION'의 switch에 있는 'D3D11_RTV_DIMENSION_TEXTURE1D' 열거자는 case 레이블에 의해 명시적으로 처리되지 않습니다.
C:\Program Files (x86)\Windows Kits\10\Include\10.0.19041.0\um\d3d11.h(1183,6): message : 'D3D11_RTV_DIMENSION' 선언을 참조하십시오.
C:\Program Files (x86)\Windows Kits\10\Include\10.0.19041.0\um\d3d11.h(3948,9): warning C4061: 열거형 'D3D11_RTV_DIMENSION'의 switch에 있는 'D3D11_RTV_DIMENSION_TEXTURE1DARRAY' 열거자는 case 레이블에 의해 명시적으로 처리되지 않습니다.
C:\Program Files (x86)\Windows Kits\10\Include\10.0.19041.0\um\d3d11.h(1183,6): message : 'D3D11_RTV_DIMENSION' 선언을 참조하십시오.
C:\Program Files (x86)\Windows Kits\10\Include\10.0.19041.0\um\d3d11.h(3948,9): warning C4061: 열거형 'D3D11_RTV_DIMENSION'의 switch에 있는 'D3D11_RTV_DIMENSION_TEXTURE3D' 열거자는 case 레이블에 의해 명시적으로 처리되지 않습니다.
C:\Program Files (x86)\Windows Kits\10\Include\10.0.19041.0\um\d3d11.h(1183,6): message : 'D3D11_RTV_DIMENSION' 선언을 참조하십시오.
C:\Program Files (x86)\Windows Kits\10\Include\10.0.19041.0\um\d3d11.h(4158,17): warning C5219: 'UINT'에서 'FLOAT'(으)로 암시적 변환이 수행되면 데이터가 손실될 수 있습니다.
C:\Program Files (x86)\Windows Kits\10\Include\10.0.19041.0\um\d3d11.h(4155,9): warning C4061: 열거형 'D3D11_RTV_DIMENSION'의 switch에 있는 'D3D11_RTV_DIMENSION_UNKNOWN' 열거자는 case 레이블에 의해 명시적으로 처리되지 않습니다.
C:\Program Files (x86)\Windows Kits\10\Include\10.0.19041.0\um\d3d11.h(1183,6): message : 'D3D11_RTV_DIMENSION' 선언을 참조하십시오.
C:\Program Files (x86)\Windows Kits\10\Include\10.0.19041.0\um\d3d11.h(4155,9): warning C4061: 열거형 'D3D11_RTV_DIMENSION'의 switch에 있는 'D3D11_RTV_DIMENSION_TEXTURE1D' 열거자는 case 레이블에 의해 명시적으로 처리되지 않습니다.
C:\Program Files (x86)\Windows Kits\10\Include\10.0.19041.0\um\d3d11.h(1183,6): message : 'D3D11_RTV_DIMENSION' 선언을 참조하십시오.
C:\Program Files (x86)\Windows Kits\10\Include\10.0.19041.0\um\d3d11.h(4155,9): warning C4061: 열거형 'D3D11_RTV_DIMENSION'의 switch에 있는 'D3D11_RTV_DIMENSION_TEXTURE1DARRAY' 열거자는 case 레이블에 의해 명시적으로 처리되지 않습니다.
C:\Program Files (x86)\Windows Kits\10\Include\10.0.19041.0\um\d3d11.h(1183,6): message : 'D3D11_RTV_DIMENSION' 선언을 참조하십시오.
C:\Program Files (x86)\Windows Kits\10\Include\10.0.19041.0\um\d3d11.h(4155,9): warning C4061: 열거형 'D3D11_RTV_DIMENSION'의 switch에 있는 'D3D11_RTV_DIMENSION_TEXTURE2D' 열거자는 case 레이블에 의해 명시적으로 처리되지 않습니다.
C:\Program Files (x86)\Windows Kits\10\Include\10.0.19041.0\um\d3d11.h(1183,6): message : 'D3D11_RTV_DIMENSION' 선언을 참조하십시오.
C:\Program Files (x86)\Windows Kits\10\Include\10.0.19041.0\um\d3d11.h(4155,9): warning C4061: 열거형 'D3D11_RTV_DIMENSION'의 switch에 있는 'D3D11_RTV_DIMENSION_TEXTURE2DARRAY' 열거자는 case 레이블에 의해 명시적으로 처리되지 않습니다.
C:\Program Files (x86)\Windows Kits\10\Include\10.0.19041.0\um\d3d11.h(1183,6): message : 'D3D11_RTV_DIMENSION' 선언을 참조하십시오.
C:\Program Files (x86)\Windows Kits\10\Include\10.0.19041.0\um\d3d11.h(4155,9): warning C4061: 열거형 'D3D11_RTV_DIMENSION'의 switch에 있는 'D3D11_RTV_DIMENSION_TEXTURE2DMS' 열거자는 case 레이블에 의해 명시적으로 처리되지 않습니다.
C:\Program Files (x86)\Windows Kits\10\Include\10.0.19041.0\um\d3d11.h(1183,6): message : 'D3D11_RTV_DIMENSION' 선언을 참조하십시오.
C:\Program Files (x86)\Windows Kits\10\Include\10.0.19041.0\um\d3d11.h(4155,9): warning C4061: 열거형 'D3D11_RTV_DIMENSION'의 switch에 있는 'D3D11_RTV_DIMENSION_TEXTURE2DMSARRAY' 열거자는 case 레이블에 의해 명시적으로 처리되지 않습니다.
C:\Program Files (x86)\Windows Kits\10\Include\10.0.19041.0\um\d3d11.h(1183,6): message : 'D3D11_RTV_DIMENSION' 선언을 참조하십시오.
C:\Program Files (x86)\Windows Kits\10\Include\10.0.19041.0\um\d3d11.h(4155,9): warning C4061: 열거형 'D3D11_RTV_DIMENSION'의 switch에 있는 'D3D11_RTV_DIMENSION_TEXTURE3D' 열거자는 case 레이블에 의해 명시적으로 처리되지 않습니다.
C:\Program Files (x86)\Windows Kits\10\Include\10.0.19041.0\um\d3d11.h(1183,6): message : 'D3D11_RTV_DIMENSION' 선언을 참조하십시오.
C:\Program Files (x86)\Windows Kits\10\Include\10.0.19041.0\um\d3d11.h(4188,18): warning C5219: 'UINT'에서 'FLOAT'(으)로 암시적 변환이 수행되면 데이터가 손실될 수 있습니다.
C:\Program Files (x86)\Windows Kits\10\Include\10.0.19041.0\um\d3d11.h(4184,9): warning C4061: 열거형 'D3D11_RTV_DIMENSION'의 switch에 있는 'D3D11_RTV_DIMENSION_UNKNOWN' 열거자는 case 레이블에 의해 명시적으로 처리되지 않습니다.
C:\Program Files (x86)\Windows Kits\10\Include\10.0.19041.0\um\d3d11.h(1183,6): message : 'D3D11_RTV_DIMENSION' 선언을 참조하십시오.
C:\Program Files (x86)\Windows Kits\10\Include\10.0.19041.0\um\d3d11.h(4184,9): warning C4061: 열거형 'D3D11_RTV_DIMENSION'의 switch에 있는 'D3D11_RTV_DIMENSION_BUFFER' 열거자는 case 레이블에 의해 명시적으로 처리되지 않습니다.
C:\Program Files (x86)\Windows Kits\10\Include\10.0.19041.0\um\d3d11.h(1183,6): message : 'D3D11_RTV_DIMENSION' 선언을 참조하십시오.
C:\Program Files (x86)\Windows Kits\10\Include\10.0.19041.0\um\d3d11.h(4184,9): warning C4061: 열거형 'D3D11_RTV_DIMENSION'의 switch에 있는 'D3D11_RTV_DIMENSION_TEXTURE2D' 열거자는 case 레이블에 의해 명시적으로 처리되지 않습니다.
C:\Program Files (x86)\Windows Kits\10\Include\10.0.19041.0\um\d3d11.h(1183,6): message : 'D3D11_RTV_DIMENSION' 선언을 참조하십시오.
C:\Program Files (x86)\Windows Kits\10\Include\10.0.19041.0\um\d3d11.h(4184,9): warning C4061: 열거형 'D3D11_RTV_DIMENSION'의 switch에 있는 'D3D11_RTV_DIMENSION_TEXTURE2DARRAY' 열거자는 case 레이블에 의해 명시적으로 처리되지 않습니다.
C:\Program Files (x86)\Windows Kits\10\Include\10.0.19041.0\um\d3d11.h(1183,6): message : 'D3D11_RTV_DIMENSION' 선언을 참조하십시오.
C:\Program Files (x86)\Windows Kits\10\Include\10.0.19041.0\um\d3d11.h(4184,9): warning C4061: 열거형 'D3D11_RTV_DIMENSION'의 switch에 있는 'D3D11_RTV_DIMENSION_TEXTURE2DMS' 열거자는 case 레이블에 의해 명시적으로 처리되지 않습니다.
C:\Program Files (x86)\Windows Kits\10\Include\10.0.19041.0\um\d3d11.h(1183,6): message : 'D3D11_RTV_DIMENSION' 선언을 참조하십시오.
C:\Program Files (x86)\Windows Kits\10\Include\10.0.19041.0\um\d3d11.h(4184,9): warning C4061: 열거형 'D3D11_RTV_DIMENSION'의 switch에 있는 'D3D11_RTV_DIMENSION_TEXTURE2DMSARRAY' 열거자는 case 레이블에 의해 명시적으로 처리되지 않습니다.
C:\Program Files (x86)\Windows Kits\10\Include\10.0.19041.0\um\d3d11.h(1183,6): message : 'D3D11_RTV_DIMENSION' 선언을 참조하십시오.
C:\Program Files (x86)\Windows Kits\10\Include\10.0.19041.0\um\d3d11.h(4184,9): warning C4061: 열거형 'D3D11_RTV_DIMENSION'의 switch에 있는 'D3D11_RTV_DIMENSION_TEXTURE3D' 열거자는 case 레이블에 의해 명시적으로 처리되지 않습니다.
C:\Program Files (x86)\Windows Kits\10\Include\10.0.19041.0\um\d3d11.h(1183,6): message : 'D3D11_RTV_DIMENSION' 선언을 참조하십시오.
C:\Program Files (x86)\Windows Kits\10\Include\10.0.19041.0\um\d3d11.h(4223,18): warning C5219: 'UINT'에서 'FLOAT'(으)로 암시적 변환이 수행되면 데이터가 손실될 수 있습니다.
C:\Program Files (x86)\Windows Kits\10\Include\10.0.19041.0\um\d3d11.h(4224,19): warning C5219: 'UINT'에서 'FLOAT'(으)로 암시적 변환이 수행되면 데이터가 손실될 수 있습니다.
C:\Program Files (x86)\Windows Kits\10\Include\10.0.19041.0\um\d3d11.h(4218,9): warning C4061: 열거형 'D3D11_RTV_DIMENSION'의 switch에 있는 'D3D11_RTV_DIMENSION_UNKNOWN' 열거자는 case 레이블에 의해 명시적으로 처리되지 않습니다.
C:\Program Files (x86)\Windows Kits\10\Include\10.0.19041.0\um\d3d11.h(1183,6): message : 'D3D11_RTV_DIMENSION' 선언을 참조하십시오.
C:\Program Files (x86)\Windows Kits\10\Include\10.0.19041.0\um\d3d11.h(4218,9): warning C4061: 열거형 'D3D11_RTV_DIMENSION'의 switch에 있는 'D3D11_RTV_DIMENSION_BUFFER' 열거자는 case 레이블에 의해 명시적으로 처리되지 않습니다.
C:\Program Files (x86)\Windows Kits\10\Include\10.0.19041.0\um\d3d11.h(1183,6): message : 'D3D11_RTV_DIMENSION' 선언을 참조하십시오.
C:\Program Files (x86)\Windows Kits\10\Include\10.0.19041.0\um\d3d11.h(4218,9): warning C4061: 열거형 'D3D11_RTV_DIMENSION'의 switch에 있는 'D3D11_RTV_DIMENSION_TEXTURE1D' 열거자는 case 레이블에 의해 명시적으로 처리되지 않습니다.
C:\Program Files (x86)\Windows Kits\10\Include\10.0.19041.0\um\d3d11.h(1183,6): message : 'D3D11_RTV_DIMENSION' 선언을 참조하십시오.
C:\Program Files (x86)\Windows Kits\10\Include\10.0.19041.0\um\d3d11.h(4218,9): warning C4061: 열거형 'D3D11_RTV_DIMENSION'의 switch에 있는 'D3D11_RTV_DIMENSION_TEXTURE1DARRAY' 열거자는 case 레이블에 의해 명시적으로 처리되지 않습니다.
C:\Program Files (x86)\Windows Kits\10\Include\10.0.19041.0\um\d3d11.h(1183,6): message : 'D3D11_RTV_DIMENSION' 선언을 참조하십시오.
C:\Program Files (x86)\Windows Kits\10\Include\10.0.19041.0\um\d3d11.h(4218,9): warning C4061: 열거형 'D3D11_RTV_DIMENSION'의 switch에 있는 'D3D11_RTV_DIMENSION_TEXTURE3D' 열거자는 case 레이블에 의해 명시적으로 처리되지 않습니다.
C:\Program Files (x86)\Windows Kits\10\Include\10.0.19041.0\um\d3d11.h(1183,6): message : 'D3D11_RTV_DIMENSION' 선언을 참조하십시오.
C:\Program Files (x86)\Windows Kits\10\Include\10.0.19041.0\um\d3d11.h(4252,18): warning C5219: 'UINT'에서 'FLOAT'(으)로 암시적 변환이 수행되면 데이터가 손실될 수 있습니다.
C:\Program Files (x86)\Windows Kits\10\Include\10.0.19041.0\um\d3d11.h(4253,19): warning C5219: 'UINT'에서 'FLOAT'(으)로 암시적 변환이 수행되면 데이터가 손실될 수 있습니다.
C:\Program Files (x86)\Windows Kits\10\Include\10.0.19041.0\um\d3d11.h(4247,9): warning C4061: 열거형 'D3D11_RTV_DIMENSION'의 switch에 있는 'D3D11_RTV_DIMENSION_UNKNOWN' 열거자는 case 레이블에 의해 명시적으로 처리되지 않습니다.
C:\Program Files (x86)\Windows Kits\10\Include\10.0.19041.0\um\d3d11.h(1183,6): message : 'D3D11_RTV_DIMENSION' 선언을 참조하십시오.
C:\Program Files (x86)\Windows Kits\10\Include\10.0.19041.0\um\d3d11.h(4247,9): warning C4061: 열거형 'D3D11_RTV_DIMENSION'의 switch에 있는 'D3D11_RTV_DIMENSION_BUFFER' 열거자는 case 레이블에 의해 명시적으로 처리되지 않습니다.
C:\Program Files (x86)\Windows Kits\10\Include\10.0.19041.0\um\d3d11.h(1183,6): message : 'D3D11_RTV_DIMENSION' 선언을 참조하십시오.
C:\Program Files (x86)\Windows Kits\10\Include\10.0.19041.0\um\d3d11.h(4247,9): warning C4061: 열거형 'D3D11_RTV_DIMENSION'의 switch에 있는 'D3D11_RTV_DIMENSION_TEXTURE1D' 열거자는 case 레이블에 의해 명시적으로 처리되지 않습니다.
C:\Program Files (x86)\Windows Kits\10\Include\10.0.19041.0\um\d3d11.h(1183,6): message : 'D3D11_RTV_DIMENSION' 선언을 참조하십시오.
C:\Program Files (x86)\Windows Kits\10\Include\10.0.19041.0\um\d3d11.h(4247,9): warning C4061: 열거형 'D3D11_RTV_DIMENSION'의 switch에 있는 'D3D11_RTV_DIMENSION_TEXTURE1DARRAY' 열거자는 case 레이블에 의해 명시적으로 처리되지 않습니다.
C:\Program Files (x86)\Windows Kits\10\Include\10.0.19041.0\um\d3d11.h(1183,6): message : 'D3D11_RTV_DIMENSION' 선언을 참조하십시오.
C:\Program Files (x86)\Windows Kits\10\Include\10.0.19041.0\um\d3d11.h(4247,9): warning C4061: 열거형 'D3D11_RTV_DIMENSION'의 switch에 있는 'D3D11_RTV_DIMENSION_TEXTURE2D' 열거자는 case 레이블에 의해 명시적으로 처리되지 않습니다.
C:\Program Files (x86)\Windows Kits\10\Include\10.0.19041.0\um\d3d11.h(1183,6): message : 'D3D11_RTV_DIMENSION' 선언을 참조하십시오.
C:\Program Files (x86)\Windows Kits\10\Include\10.0.19041.0\um\d3d11.h(4247,9): warning C4061: 열거형 'D3D11_RTV_DIMENSION'의 switch에 있는 'D3D11_RTV_DIMENSION_TEXTURE2DARRAY' 열거자는 case 레이블에 의해 명시적으로 처리되지 않습니다.
C:\Program Files (x86)\Windows Kits\10\Include\10.0.19041.0\um\d3d11.h(1183,6): message : 'D3D11_RTV_DIMENSION' 선언을 참조하십시오.
C:\Program Files (x86)\Windows Kits\10\Include\10.0.19041.0\um\d3d11.h(4247,9): warning C4061: 열거형 'D3D11_RTV_DIMENSION'의 switch에 있는 'D3D11_RTV_DIMENSION_TEXTURE2DMS' 열거자는 case 레이블에 의해 명시적으로 처리되지 않습니다.
C:\Program Files (x86)\Windows Kits\10\Include\10.0.19041.0\um\d3d11.h(1183,6): message : 'D3D11_RTV_DIMENSION' 선언을 참조하십시오.
C:\Program Files (x86)\Windows Kits\10\Include\10.0.19041.0\um\d3d11.h(4247,9): warning C4061: 열거형 'D3D11_RTV_DIMENSION'의 switch에 있는 'D3D11_RTV_DIMENSION_TEXTURE2DMSARRAY' 열거자는 case 레이블에 의해 명시적으로 처리되지 않습니다.
C:\Program Files (x86)\Windows Kits\10\Include\10.0.19041.0\um\d3d11.h(1183,6): message : 'D3D11_RTV_DIMENSION' 선언을 참조하십시오.
C:\Program Files (x86)\Windows Kits\10\Include\10.0.19041.0\um\d3d11.h(4363,9): warning C4061: 열거형 'D3D11_DSV_DIMENSION'의 switch에 있는 'D3D11_DSV_DIMENSION_UNKNOWN' 열거자는 case 레이블에 의해 명시적으로 처리되지 않습니다.
C:\Program Files (x86)\Windows Kits\10\Include\10.0.19041.0\um\d3d11.h(1171,6): message : 'D3D11_DSV_DIMENSION' 선언을 참조하십시오.
C:\Program Files (x86)\Windows Kits\10\Include\10.0.19041.0\um\d3d11.h(4396,9): warning C4061: 열거형 'D3D11_DSV_DIMENSION'의 switch에 있는 'D3D11_DSV_DIMENSION_UNKNOWN' 열거자는 case 레이블에 의해 명시적으로 처리되지 않습니다.
C:\Program Files (x86)\Windows Kits\10\Include\10.0.19041.0\um\d3d11.h(1171,6): message : 'D3D11_DSV_DIMENSION' 선언을 참조하십시오.
C:\Program Files (x86)\Windows Kits\10\Include\10.0.19041.0\um\d3d11.h(4396,9): warning C4061: 열거형 'D3D11_DSV_DIMENSION'의 switch에 있는 'D3D11_DSV_DIMENSION_TEXTURE2D' 열거자는 case 레이블에 의해 명시적으로 처리되지 않습니다.
C:\Program Files (x86)\Windows Kits\10\Include\10.0.19041.0\um\d3d11.h(1171,6): message : 'D3D11_DSV_DIMENSION' 선언을 참조하십시오.
C:\Program Files (x86)\Windows Kits\10\Include\10.0.19041.0\um\d3d11.h(4396,9): warning C4061: 열거형 'D3D11_DSV_DIMENSION'의 switch에 있는 'D3D11_DSV_DIMENSION_TEXTURE2DARRAY' 열거자는 case 레이블에 의해 명시적으로 처리되지 않습니다.
C:\Program Files (x86)\Windows Kits\10\Include\10.0.19041.0\um\d3d11.h(1171,6): message : 'D3D11_DSV_DIMENSION' 선언을 참조하십시오.
C:\Program Files (x86)\Windows Kits\10\Include\10.0.19041.0\um\d3d11.h(4396,9): warning C4061: 열거형 'D3D11_DSV_DIMENSION'의 switch에 있는 'D3D11_DSV_DIMENSION_TEXTURE2DMS' 열거자는 case 레이블에 의해 명시적으로 처리되지 않습니다.
C:\Program Files (x86)\Windows Kits\10\Include\10.0.19041.0\um\d3d11.h(1171,6): message : 'D3D11_DSV_DIMENSION' 선언을 참조하십시오.
C:\Program Files (x86)\Windows Kits\10\Include\10.0.19041.0\um\d3d11.h(4396,9): warning C4061: 열거형 'D3D11_DSV_DIMENSION'의 switch에 있는 'D3D11_DSV_DIMENSION_TEXTURE2DMSARRAY' 열거자는 case 레이블에 의해 명시적으로 처리되지 않습니다.
C:\Program Files (x86)\Windows Kits\10\Include\10.0.19041.0\um\d3d11.h(1171,6): message : 'D3D11_DSV_DIMENSION' 선언을 참조하십시오.
C:\Program Files (x86)\Windows Kits\10\Include\10.0.19041.0\um\d3d11.h(4437,9): warning C4061: 열거형 'D3D11_DSV_DIMENSION'의 switch에 있는 'D3D11_DSV_DIMENSION_UNKNOWN' 열거자는 case 레이블에 의해 명시적으로 처리되지 않습니다.
C:\Program Files (x86)\Windows Kits\10\Include\10.0.19041.0\um\d3d11.h(1171,6): message : 'D3D11_DSV_DIMENSION' 선언을 참조하십시오.
C:\Program Files (x86)\Windows Kits\10\Include\10.0.19041.0\um\d3d11.h(4437,9): warning C4061: 열거형 'D3D11_DSV_DIMENSION'의 switch에 있는 'D3D11_DSV_DIMENSION_TEXTURE1D' 열거자는 case 레이블에 의해 명시적으로 처리되지 않습니다.
C:\Program Files (x86)\Windows Kits\10\Include\10.0.19041.0\um\d3d11.h(1171,6): message : 'D3D11_DSV_DIMENSION' 선언을 참조하십시오.
C:\Program Files (x86)\Windows Kits\10\Include\10.0.19041.0\um\d3d11.h(4437,9): warning C4061: 열거형 'D3D11_DSV_DIMENSION'의 switch에 있는 'D3D11_DSV_DIMENSION_TEXTURE1DARRAY' 열거자는 case 레이블에 의해 명시적으로 처리되지 않습니다.
C:\Program Files (x86)\Windows Kits\10\Include\10.0.19041.0\um\d3d11.h(1171,6): message : 'D3D11_DSV_DIMENSION' 선언을 참조하십시오.
C:\Program Files (x86)\Windows Kits\10\Include\10.0.19041.0\um\d3d11.h(4693,9): warning C4061: 열거형 'D3D11_UAV_DIMENSION'의 switch에 있는 'D3D11_UAV_DIMENSION_UNKNOWN' 열거자는 case 레이블에 의해 명시적으로 처리되지 않습니다.
C:\Program Files (x86)\Windows Kits\10\Include\10.0.19041.0\um\d3d11.h(1197,6): message : 'D3D11_UAV_DIMENSION' 선언을 참조하십시오.
C:\Program Files (x86)\Windows Kits\10\Include\10.0.19041.0\um\d3d11.h(4737,9): warning C4061: 열거형 'D3D11_UAV_DIMENSION'의 switch에 있는 'D3D11_UAV_DIMENSION_UNKNOWN' 열거자는 case 레이블에 의해 명시적으로 처리되지 않습니다.
C:\Program Files (x86)\Windows Kits\10\Include\10.0.19041.0\um\d3d11.h(1197,6): message : 'D3D11_UAV_DIMENSION' 선언을 참조하십시오.
C:\Program Files (x86)\Windows Kits\10\Include\10.0.19041.0\um\d3d11.h(4737,9): warning C4061: 열거형 'D3D11_UAV_DIMENSION'의 switch에 있는 'D3D11_UAV_DIMENSION_BUFFER' 열거자는 case 레이블에 의해 명시적으로 처리되지 않습니다.
C:\Program Files (x86)\Windows Kits\10\Include\10.0.19041.0\um\d3d11.h(1197,6): message : 'D3D11_UAV_DIMENSION' 선언을 참조하십시오.
C:\Program Files (x86)\Windows Kits\10\Include\10.0.19041.0\um\d3d11.h(4737,9): warning C4061: 열거형 'D3D11_UAV_DIMENSION'의 switch에 있는 'D3D11_UAV_DIMENSION_TEXTURE2D' 열거자는 case 레이블에 의해 명시적으로 처리되지 않습니다.
C:\Program Files (x86)\Windows Kits\10\Include\10.0.19041.0\um\d3d11.h(1197,6): message : 'D3D11_UAV_DIMENSION' 선언을 참조하십시오.
C:\Program Files (x86)\Windows Kits\10\Include\10.0.19041.0\um\d3d11.h(4737,9): warning C4061: 열거형 'D3D11_UAV_DIMENSION'의 switch에 있는 'D3D11_UAV_DIMENSION_TEXTURE2DARRAY' 열거자는 case 레이블에 의해 명시적으로 처리되지 않습니다.
C:\Program Files (x86)\Windows Kits\10\Include\10.0.19041.0\um\d3d11.h(1197,6): message : 'D3D11_UAV_DIMENSION' 선언을 참조하십시오.
C:\Program Files (x86)\Windows Kits\10\Include\10.0.19041.0\um\d3d11.h(4737,9): warning C4061: 열거형 'D3D11_UAV_DIMENSION'의 switch에 있는 'D3D11_UAV_DIMENSION_TEXTURE3D' 열거자는 case 레이블에 의해 명시적으로 처리되지 않습니다.
C:\Program Files (x86)\Windows Kits\10\Include\10.0.19041.0\um\d3d11.h(1197,6): message : 'D3D11_UAV_DIMENSION' 선언을 참조하십시오.
C:\Program Files (x86)\Windows Kits\10\Include\10.0.19041.0\um\d3d11.h(4768,9): warning C4061: 열거형 'D3D11_UAV_DIMENSION'의 switch에 있는 'D3D11_UAV_DIMENSION_UNKNOWN' 열거자는 case 레이블에 의해 명시적으로 처리되지 않습니다.
C:\Program Files (x86)\Windows Kits\10\Include\10.0.19041.0\um\d3d11.h(1197,6): message : 'D3D11_UAV_DIMENSION' 선언을 참조하십시오.
C:\Program Files (x86)\Windows Kits\10\Include\10.0.19041.0\um\d3d11.h(4768,9): warning C4061: 열거형 'D3D11_UAV_DIMENSION'의 switch에 있는 'D3D11_UAV_DIMENSION_BUFFER' 열거자는 case 레이블에 의해 명시적으로 처리되지 않습니다.
C:\Program Files (x86)\Windows Kits\10\Include\10.0.19041.0\um\d3d11.h(1197,6): message : 'D3D11_UAV_DIMENSION' 선언을 참조하십시오.
C:\Program Files (x86)\Windows Kits\10\Include\10.0.19041.0\um\d3d11.h(4768,9): warning C4061: 열거형 'D3D11_UAV_DIMENSION'의 switch에 있는 'D3D11_UAV_DIMENSION_TEXTURE1D' 열거자는 case 레이블에 의해 명시적으로 처리되지 않습니다.
C:\Program Files (x86)\Windows Kits\10\Include\10.0.19041.0\um\d3d11.h(1197,6): message : 'D3D11_UAV_DIMENSION' 선언을 참조하십시오.
C:\Program Files (x86)\Windows Kits\10\Include\10.0.19041.0\um\d3d11.h(4768,9): warning C4061: 열거형 'D3D11_UAV_DIMENSION'의 switch에 있는 'D3D11_UAV_DIMENSION_TEXTURE1DARRAY' 열거자는 case 레이블에 의해 명시적으로 처리되지 않습니다.
C:\Program Files (x86)\Windows Kits\10\Include\10.0.19041.0\um\d3d11.h(1197,6): message : 'D3D11_UAV_DIMENSION' 선언을 참조하십시오.
C:\Program Files (x86)\Windows Kits\10\Include\10.0.19041.0\um\d3d11.h(4768,9): warning C4061: 열거형 'D3D11_UAV_DIMENSION'의 switch에 있는 'D3D11_UAV_DIMENSION_TEXTURE3D' 열거자는 case 레이블에 의해 명시적으로 처리되지 않습니다.
C:\Program Files (x86)\Windows Kits\10\Include\10.0.19041.0\um\d3d11.h(1197,6): message : 'D3D11_UAV_DIMENSION' 선언을 참조하십시오.
C:\Program Files (x86)\Windows Kits\10\Include\10.0.19041.0\um\d3d11.h(6561,5): warning C4820: 'D3D11_QUERY_DATA_TIMESTAMP_DISJOINT': '4' 바이트 패딩이 데이터 멤버 'D3D11_QUERY_DATA_TIMESTAMP_DISJOINT::Disjoint' 다음에 추가됨
C:\Program Files (x86)\Windows Kits\10\Include\10.0.19041.0\um\d3d11.h(6629,5): warning C4820: 'D3D11_COUNTER_INFO': '3' 바이트 패딩이 데이터 멤버 'D3D11_COUNTER_INFO::NumDetectableParallelUnits' 다음에 추가됨
C:\Program Files (x86)\Windows Kits\10\Include\10.0.19041.0\um\d3d11.h(9740,5): warning C4820: 'D3D11_VIDEO_DECODER_BUFFER_DESC': '4' 바이트 패딩이 데이터 멤버 'D3D11_VIDEO_DECODER_BUFFER_DESC::EncryptedBlockInfo' 다음에 추가됨
C:\Program Files (x86)\Windows Kits\10\Include\10.0.19041.0\um\d3d11.h(9746,64): warning C4820: 'D3D11_VIDEO_DECODER_EXTENSION': '4' 바이트 패딩이 데이터 멤버 'D3D11_VIDEO_DECODER_EXTENSION::Function' 다음에 추가됨
C:\Program Files (x86)\Windows Kits\10\Include\10.0.19041.0\um\d3d11.h(9749,66): warning C4820: 'D3D11_VIDEO_DECODER_EXTENSION': '4' 바이트 패딩이 데이터 멤버 'D3D11_VIDEO_DECODER_EXTENSION::PrivateInputDataSize' 다음에 추가됨
C:\Program Files (x86)\Windows Kits\10\Include\10.0.19041.0\um\d3d11.h(10063,15): warning C4820: 'D3D11_VIDEO_CONTENT_PROTECTION_CAPS': '4' 바이트 패딩이 데이터 멤버 'D3D11_VIDEO_CONTENT_PROTECTION_CAPS::BlockAlignmentSize' 다음에 추가됨
C:\Program Files (x86)\Windows Kits\10\Include\10.0.19041.0\um\d3d11.h(10434,77): warning C4820: 'D3D11_VIDEO_PROCESSOR_STREAM': '4' 바이트 패딩이 데이터 멤버 'D3D11_VIDEO_PROCESSOR_STREAM::FutureFrames' 다음에 추가됨
C:\Program Files (x86)\Windows Kits\10\Include\10.0.19041.0\um\d3d11.h(10787,5): warning C4820: 'D3D11_AUTHENTICATED_QUERY_INPUT': '4' 바이트 패딩이 데이터 멤버 'D3D11_AUTHENTICATED_QUERY_INPUT::SequenceNumber' 다음에 추가됨
C:\Program Files (x86)\Windows Kits\10\Include\10.0.19041.0\um\d3d11.h(10813,5): warning C4820: 'D3D11_AUTHENTICATED_QUERY_PROTECTION_OUTPUT': '4' 바이트 패딩이 데이터 멤버 'D3D11_AUTHENTICATED_QUERY_PROTECTION_OUTPUT::ProtectionFlags' 다음에 추가됨
C:\Program Files (x86)\Windows Kits\10\Include\10.0.19041.0\um\d3d11.h(10819,5): warning C4820: 'D3D11_AUTHENTICATED_QUERY_CHANNEL_TYPE_OUTPUT': '4' 바이트 패딩이 데이터 멤버 'D3D11_AUTHENTICATED_QUERY_CHANNEL_TYPE_OUTPUT::ChannelType' 다음에 추가됨
C:\Program Files (x86)\Windows Kits\10\Include\10.0.19041.0\um\d3d11.h(10845,5): warning C4820: 'D3D11_AUTHENTICATED_QUERY_RESTRICTED_SHARED_RESOURCE_PROCESS_COUNT_OUTPUT': '4' 바이트 패딩이 데이터 멤버 'D3D11_AUTHENTICATED_QUERY_RESTRICTED_SHARED_RESOURCE_PROCESS_COUNT_OUTPUT::RestrictedSharedResourceProcessCount' 다음에 추가됨
C:\Program Files (x86)\Windows Kits\10\Include\10.0.19041.0\um\d3d11.h(10851,5): warning C4820: 'D3D11_AUTHENTICATED_QUERY_RESTRICTED_SHARED_RESOURCE_PROCESS_INPUT': '4' 바이트 패딩이 데이터 멤버 'D3D11_AUTHENTICATED_QUERY_RESTRICTED_SHARED_RESOURCE_PROCESS_INPUT::ProcessIndex' 다음에 추가됨
C:\Program Files (x86)\Windows Kits\10\Include\10.0.19041.0\um\d3d11.h(10873,5): warning C4820: 'D3D11_AUTHENTICATED_QUERY_UNRESTRICTED_PROTECTED_SHARED_RESOURCE_COUNT_OUTPUT': '4' 바이트 패딩이 데이터 멤버 'D3D11_AUTHENTICATED_QUERY_UNRESTRICTED_PROTECTED_SHARED_RESOURCE_COUNT_OUTPUT::UnrestrictedProtectedSharedResourceCount' 다음에 추가됨
C:\Program Files (x86)\Windows Kits\10\Include\10.0.19041.0\um\d3d11.h(10888,5): warning C4820: 'D3D11_AUTHENTICATED_QUERY_OUTPUT_ID_COUNT_OUTPUT': '4' 바이트 패딩이 데이터 멤버 'D3D11_AUTHENTICATED_QUERY_OUTPUT_ID_COUNT_OUTPUT::OutputIDCount' 다음에 추가됨
C:\Program Files (x86)\Windows Kits\10\Include\10.0.19041.0\um\d3d11.h(10896,5): warning C4820: 'D3D11_AUTHENTICATED_QUERY_OUTPUT_ID_INPUT': '4' 바이트 패딩이 데이터 멤버 'D3D11_AUTHENTICATED_QUERY_OUTPUT_ID_INPUT::OutputIDIndex' 다음에 추가됨
C:\Program Files (x86)\Windows Kits\10\Include\10.0.19041.0\um\d3d11.h(10904,12): warning C4820: 'D3D11_AUTHENTICATED_QUERY_OUTPUT_ID_OUTPUT': '4' 바이트 패딩이 데이터 멤버 'D3D11_AUTHENTICATED_QUERY_OUTPUT_ID_OUTPUT::OutputIDIndex' 다음에 추가됨
C:\Program Files (x86)\Windows Kits\10\Include\10.0.19041.0\um\d3d11.h(10929,5): warning C4820: 'D3D11_AUTHENTICATED_QUERY_ACESSIBILITY_OUTPUT': '4' 바이트 패딩이 데이터 멤버 'D3D11_AUTHENTICATED_QUERY_ACESSIBILITY_OUTPUT::AccessibleInNonContiguousBlocks' 다음에 추가됨
C:\Program Files (x86)\Windows Kits\10\Include\10.0.19041.0\um\d3d11.h(10935,5): warning C4820: 'D3D11_AUTHENTICATED_QUERY_ACCESSIBILITY_ENCRYPTION_GUID_COUNT_OUTPUT': '4' 바이트 패딩이 데이터 멤버 'D3D11_AUTHENTICATED_QUERY_ACCESSIBILITY_ENCRYPTION_GUID_COUNT_OUTPUT::EncryptionGuidCount' 다음에 추가됨
C:\Program Files (x86)\Windows Kits\10\Include\10.0.19041.0\um\d3d11.h(10941,5): warning C4820: 'D3D11_AUTHENTICATED_QUERY_ACCESSIBILITY_ENCRYPTION_GUID_INPUT': '4' 바이트 패딩이 데이터 멤버 'D3D11_AUTHENTICATED_QUERY_ACCESSIBILITY_ENCRYPTION_GUID_INPUT::EncryptionGuidIndex' 다음에 추가됨
C:\Program Files (x86)\Windows Kits\10\Include\10.0.19041.0\um\d3d11.h(10948,5): warning C4820: 'D3D11_AUTHENTICATED_QUERY_ACCESSIBILITY_ENCRYPTION_GUID_OUTPUT': '4' 바이트 패딩이 데이터 멤버 'D3D11_AUTHENTICATED_QUERY_ACCESSIBILITY_ENCRYPTION_GUID_OUTPUT::EncryptionGuid' 다음에 추가됨
C:\Program Files (x86)\Windows Kits\10\Include\10.0.19041.0\um\d3d11.h(10962,5): warning C4820: 'D3D11_AUTHENTICATED_CONFIGURE_INPUT': '4' 바이트 패딩이 데이터 멤버 'D3D11_AUTHENTICATED_CONFIGURE_INPUT::SequenceNumber' 다음에 추가됨
C:\Program Files (x86)\Windows Kits\10\Include\10.0.19041.0\um\d3d11.h(10984,5): warning C4820: 'D3D11_AUTHENTICATED_CONFIGURE_PROTECTION_INPUT': '4' 바이트 패딩이 데이터 멤버 'D3D11_AUTHENTICATED_CONFIGURE_PROTECTION_INPUT::Protections' 다음에 추가됨
C:\Program Files (x86)\Windows Kits\10\Include\10.0.19041.0\um\d3d11.h(10998,12): warning C4820: 'D3D11_AUTHENTICATED_CONFIGURE_SHARED_RESOURCE_INPUT': '4' 바이트 패딩이 데이터 멤버 'D3D11_AUTHENTICATED_CONFIGURE_SHARED_RESOURCE_INPUT::ProcessType' 다음에 추가됨
C:\Program Files (x86)\Windows Kits\10\Include\10.0.19041.0\um\d3d11.h(11000,5): warning C4820: 'D3D11_AUTHENTICATED_CONFIGURE_SHARED_RESOURCE_INPUT': '4' 바이트 패딩이 데이터 멤버 'D3D11_AUTHENTICATED_CONFIGURE_SHARED_RESOURCE_INPUT::AllowAccess' 다음에 추가됨
C:\Program Files (x86)\Windows Kits\10\Include\10.0.19041.0\um\d3d11sdklayers.h(2111,66): warning C4820: 'D3D11_MESSAGE': '4' 바이트 패딩이 데이터 멤버 'D3D11_MESSAGE::ID' 다음에 추가됨
C:\Program Files (x86)\Windows Kits\10\Include\10.0.19041.0\um\d3d11sdklayers.h(2119,71): warning C4820: 'D3D11_INFO_QUEUE_FILTER_DESC': '4' 바이트 패딩이 데이터 멤버 'D3D11_INFO_QUEUE_FILTER_DESC::NumCategories' 다음에 추가됨
C:\Program Files (x86)\Windows Kits\10\Include\10.0.19041.0\um\d3d11sdklayers.h(2122,71): warning C4820: 'D3D11_INFO_QUEUE_FILTER_DESC': '4' 바이트 패딩이 데이터 멤버 'D3D11_INFO_QUEUE_FILTER_DESC::NumSeverities' 다음에 추가됨
C:\Program Files (x86)\Windows Kits\10\Include\10.0.19041.0\um\d3d11sdklayers.h(2125,52): warning C4820: 'D3D11_INFO_QUEUE_FILTER_DESC': '4' 바이트 패딩이 데이터 멤버 'D3D11_INFO_QUEUE_FILTER_DESC::NumIDs' 다음에 추가됨
C:\Program Files (x86)\Windows Kits\10\Include\10.0.19041.0\um\d3d10.h(681,5): warning C4820: 'D3D10_SO_DECLARATION_ENTRY': '1' 바이트 패딩이 데이터 멤버 'D3D10_SO_DECLARATION_ENTRY::OutputSlot' 다음에 추가됨
C:\Program Files (x86)\Windows Kits\10\Include\10.0.19041.0\um\d3d10.h(1006,32): warning C4820: 'D3D10_DEPTH_STENCIL_DESC': '2' 바이트 패딩이 데이터 멤버 'D3D10_DEPTH_STENCIL_DESC::StencilWriteMask' 다음에 추가됨
C:\Program Files (x86)\Windows Kits\10\Include\10.0.19041.0\um\d3d10.h(2144,5): warning C4820: 'D3D10_MAPPED_TEXTURE2D': '4' 바이트 패딩이 데이터 멤버 'D3D10_MAPPED_TEXTURE2D::RowPitch' 다음에 추가됨
C:\Program Files (x86)\Windows Kits\10\Include\10.0.19041.0\um\d3d10.h(4589,5): warning C4820: 'D3D10_QUERY_DATA_TIMESTAMP_DISJOINT': '4' 바이트 패딩이 데이터 멤버 'D3D10_QUERY_DATA_TIMESTAMP_DISJOINT::Disjoint' 다음에 추가됨
C:\Program Files (x86)\Windows Kits\10\Include\10.0.19041.0\um\d3d10.h(4653,5): warning C4820: 'D3D10_COUNTER_INFO': '3' 바이트 패딩이 데이터 멤버 'D3D10_COUNTER_INFO::NumDetectableParallelUnits' 다음에 추가됨
C:\Program Files (x86)\Windows Kits\10\Include\10.0.19041.0\um\d3d10sdklayers.h(886,66): warning C4820: 'D3D10_MESSAGE': '4' 바이트 패딩이 데이터 멤버 'D3D10_MESSAGE::ID' 다음에 추가됨
C:\Program Files (x86)\Windows Kits\10\Include\10.0.19041.0\um\d3d10sdklayers.h(894,71): warning C4820: 'D3D10_INFO_QUEUE_FILTER_DESC': '4' 바이트 패딩이 데이터 멤버 'D3D10_INFO_QUEUE_FILTER_DESC::NumCategories' 다음에 추가됨
C:\Program Files (x86)\Windows Kits\10\Include\10.0.19041.0\um\d3d10sdklayers.h(897,71): warning C4820: 'D3D10_INFO_QUEUE_FILTER_DESC': '4' 바이트 패딩이 데이터 멤버 'D3D10_INFO_QUEUE_FILTER_DESC::NumSeverities' 다음에 추가됨
C:\Program Files (x86)\Windows Kits\10\Include\10.0.19041.0\um\d3d10sdklayers.h(900,52): warning C4820: 'D3D10_INFO_QUEUE_FILTER_DESC': '4' 바이트 패딩이 데이터 멤버 'D3D10_INFO_QUEUE_FILTER_DESC::NumIDs' 다음에 추가됨
C:\Program Files (x86)\Windows Kits\10\Include\10.0.19041.0\um\d3d10shader.h(180,29): warning C4820: '_D3D10_SHADER_DESC': '4' 바이트 패딩이 데이터 멤버 '_D3D10_SHADER_DESC::Version' 다음에 추가됨
C:\Program Files (x86)\Windows Kits\10\Include\10.0.19041.0\um\d3d10shader.h(226,29): warning C4820: '_D3D10_SHADER_VARIABLE_DESC': '4' 바이트 패딩이 데이터 멤버 '_D3D10_SHADER_VARIABLE_DESC::uFlags' 다음에 추가됨
C:\Program Files (x86)\Windows Kits\10\Include\10.0.19041.0\um\d3d10shader.h(251,1): warning C4820: '_D3D10_SHADER_INPUT_BIND_DESC': '4' 바이트 패딩이 데이터 멤버 '_D3D10_SHADER_INPUT_BIND_DESC::NumSamples' 다음에 추가됨
C:\Program Files (x86)\Windows Kits\10\Include\10.0.19041.0\um\d3d10shader.h(267,1): warning C4820: '_D3D10_SIGNATURE_PARAMETER_DESC': '6' 바이트 패딩이 데이터 멤버 '_D3D10_SIGNATURE_PARAMETER_DESC::ReadWriteMask' 다음에 추가됨
C:\Program Files (x86)\Windows Kits\10\Include\10.0.19041.0\um\d3d10effect.h(294,1): warning C4820: '_D3D10_EFFECT_TYPE_DESC': '4' 바이트 패딩이 데이터 멤버 '_D3D10_EFFECT_TYPE_DESC::Stride' 다음에 추가됨
C:\Program Files (x86)\Windows Kits\10\Include\10.0.19041.0\um\d3d10effect.h(893,26): warning C4820: '_D3D10_EFFECT_SHADER_DESC': '4' 바이트 패딩이 데이터 멤버 '_D3D10_EFFECT_SHADER_DESC::IsInline' 다음에 추가됨
C:\Program Files (x86)\Windows Kits\10\Include\10.0.19041.0\um\d3d10effect.h(896,12): warning C4820: '_D3D10_EFFECT_SHADER_DESC': '4' 바이트 패딩이 데이터 멤버 '_D3D10_EFFECT_SHADER_DESC::BytecodeLength' 다음에 추가됨
C:\Program Files (x86)\Windows Kits\10\Include\10.0.19041.0\um\d3d10effect.h(1175,28): warning C4820: '_D3D10_PASS_DESC': '4' 바이트 패딩이 데이터 멤버 '_D3D10_PASS_DESC::Annotations' 다음에 추가됨
C:\Program Files (x86)\Windows Kits\10\Include\10.0.19041.0\um\d3d10effect.h(1205,1): warning C4820: '_D3D10_PASS_SHADER_DESC': '4' 바이트 패딩이 데이터 멤버 '_D3D10_PASS_SHADER_DESC::ShaderIndex' 다음에 추가됨
C:\Program Files (x86)\Windows Kits\10\Include\10.0.19041.0\um\d3d10_1.h(152,5): warning C4820: 'D3D10_RENDER_TARGET_BLEND_DESC1': '3' 바이트 패딩이 데이터 멤버 'D3D10_RENDER_TARGET_BLEND_DESC1::RenderTargetWriteMask' 다음에 추가됨
C:\Program Files (x86)\Windows Kits\10\Include\10.0.19041.0\um\d3d11_1.h(171,5): warning C4820: 'D3D11_RENDER_TARGET_BLEND_DESC1': '3' 바이트 패딩이 데이터 멤버 'D3D11_RENDER_TARGET_BLEND_DESC1::RenderTargetWriteMask' 다음에 추가됨
C:\Program Files (x86)\Windows Kits\10\Include\10.0.19041.0\um\d3d11_1.h(2541,40): warning C4820: 'D3D11_VIDEO_DECODER_BUFFER_DESC1': '4' 바이트 패딩이 데이터 멤버 'D3D11_VIDEO_DECODER_BUFFER_DESC1::DataSize' 다음에 추가됨
C:\Program Files (x86)\Windows Kits\10\Include\10.0.19041.0\um\d3d11_1.h(2544,114): warning C4820: 'D3D11_VIDEO_DECODER_BUFFER_DESC1': '4' 바이트 패딩이 데이터 멤버 'D3D11_VIDEO_DECODER_BUFFER_DESC1::IVSize' 다음에 추가됨
C:\Program Files (x86)\Windows Kits\10\Include\10.0.19041.0\um\d3d11_1.h(2546,5): warning C4820: 'D3D11_VIDEO_DECODER_BUFFER_DESC1': '4' 바이트 패딩이 데이터 멤버 'D3D11_VIDEO_DECODER_BUFFER_DESC1::SubSampleMappingCount' 다음에 추가됨
C:\Program Files (x86)\Windows Kits\10\Include\10.0.19041.0\um\d3d11_1.h(2553,44): warning C4820: 'D3D11_VIDEO_DECODER_BEGIN_FRAME_CRYPTO_SESSION': '4' 바이트 패딩이 데이터 멤버 'D3D11_VIDEO_DECODER_BEGIN_FRAME_CRYPTO_SESSION::BlobSize' 다음에 추가됨
C:\Program Files (x86)\Windows Kits\10\Include\10.0.19041.0\um\d3d11_1.h(2557,58): warning C4820: 'D3D11_VIDEO_DECODER_BEGIN_FRAME_CRYPTO_SESSION': '4' 바이트 패딩이 데이터 멤버 'D3D11_VIDEO_DECODER_BEGIN_FRAME_CRYPTO_SESSION::PrivateDataSize' 다음에 추가됨
C:\Program Files (x86)\Windows Kits\10\Include\10.0.19041.0\um\d3d11_1.h(2607,12): warning C4820: 'D3D11_KEY_EXCHANGE_HW_PROTECTION_OUTPUT_DATA': '4' 바이트 패딩이 데이터 멤버 'D3D11_KEY_EXCHANGE_HW_PROTECTION_OUTPUT_DATA::HWProtectionDataSize' 다음에 추가됨
C:\Program Files (x86)\Windows Kits\10\Include\10.0.19041.0\um\d3d11_1.h(2610,5): warning C4820: 'D3D11_KEY_EXCHANGE_HW_PROTECTION_OUTPUT_DATA': '4' 바이트 패딩이 데이터 멤버 'D3D11_KEY_EXCHANGE_HW_PROTECTION_OUTPUT_DATA::pbOutput' 다음에 추가됨
C:\Program Files (x86)\Windows Kits\10\Include\10.0.19041.0\um\d3d11_1.h(2615,60): warning C4820: 'D3D11_KEY_EXCHANGE_HW_PROTECTION_DATA': '4' 바이트 패딩이 데이터 멤버 'D3D11_KEY_EXCHANGE_HW_PROTECTION_DATA::HWProtectionFunctionID' 다음에 추가됨
C:\Program Files (x86)\Windows Kits\10\Include\10.0.19041.0\um\d3d11_1.h(2618,5): warning C4820: 'D3D11_KEY_EXCHANGE_HW_PROTECTION_DATA': '4' 바이트 패딩이 데이터 멤버 'D3D11_KEY_EXCHANGE_HW_PROTECTION_DATA::Status' 다음에 추가됨
C:\Program Files (x86)\Windows Kits\10\Include\10.0.19041.0\um\d3d11_2.h(135,10): warning C4820: 'D3D11_PACKED_MIP_DESC': '2' 바이트 패딩이 데이터 멤버 'D3D11_PACKED_MIP_DESC::NumPackedMips' 다음에 추가됨
C:\Program Files (x86)\Windows Kits\10\Include\10.0.19041.0\um\d3d11_3.h(976,9): warning C4061: 열거형 'D3D_SRV_DIMENSION'의 switch에 있는 'D3D_SRV_DIMENSION_UNKNOWN' 열거자는 case 레이블에 의해 명시적으로 처리되지 않습니다.
C:\Program Files (x86)\Windows Kits\10\Include\10.0.19041.0\um\d3dcommon.h(296,6): message : 'D3D_SRV_DIMENSION' 선언을 참조하십시오.
C:\Program Files (x86)\Windows Kits\10\Include\10.0.19041.0\um\d3d11_3.h(976,9): warning C4061: 열거형 'D3D_SRV_DIMENSION'의 switch에 있는 'D3D10_SRV_DIMENSION_UNKNOWN' 열거자는 case 레이블에 의해 명시적으로 처리되지 않습니다.
C:\Program Files (x86)\Windows Kits\10\Include\10.0.19041.0\um\d3dcommon.h(296,6): message : 'D3D_SRV_DIMENSION' 선언을 참조하십시오.
C:\Program Files (x86)\Windows Kits\10\Include\10.0.19041.0\um\d3d11_3.h(976,9): warning C4061: 열거형 'D3D_SRV_DIMENSION'의 switch에 있는 'D3D10_1_SRV_DIMENSION_UNKNOWN' 열거자는 case 레이블에 의해 명시적으로 처리되지 않습니다.
C:\Program Files (x86)\Windows Kits\10\Include\10.0.19041.0\um\d3dcommon.h(296,6): message : 'D3D_SRV_DIMENSION' 선언을 참조하십시오.
C:\Program Files (x86)\Windows Kits\10\Include\10.0.19041.0\um\d3d11_3.h(976,9): warning C4061: 열거형 'D3D_SRV_DIMENSION'의 switch에 있는 'D3D11_SRV_DIMENSION_UNKNOWN' 열거자는 case 레이블에 의해 명시적으로 처리되지 않습니다.
C:\Program Files (x86)\Windows Kits\10\Include\10.0.19041.0\um\d3dcommon.h(296,6): message : 'D3D_SRV_DIMENSION' 선언을 참조하십시오.
C:\Program Files (x86)\Windows Kits\10\Include\10.0.19041.0\um\d3d11_3.h(1024,9): warning C4061: 열거형 'D3D_SRV_DIMENSION'의 switch에 있는 'D3D_SRV_DIMENSION_UNKNOWN' 열거자는 case 레이블에 의해 명시적으로 처리되지 않습니다.
C:\Program Files (x86)\Windows Kits\10\Include\10.0.19041.0\um\d3dcommon.h(296,6): message : 'D3D_SRV_DIMENSION' 선언을 참조하십시오.
C:\Program Files (x86)\Windows Kits\10\Include\10.0.19041.0\um\d3d11_3.h(1024,9): warning C4061: 열거형 'D3D_SRV_DIMENSION'의 switch에 있는 'D3D_SRV_DIMENSION_BUFFER' 열거자는 case 레이블에 의해 명시적으로 처리되지 않습니다.
C:\Program Files (x86)\Windows Kits\10\Include\10.0.19041.0\um\d3dcommon.h(296,6): message : 'D3D_SRV_DIMENSION' 선언을 참조하십시오.
C:\Program Files (x86)\Windows Kits\10\Include\10.0.19041.0\um\d3d11_3.h(1024,9): warning C4061: 열거형 'D3D_SRV_DIMENSION'의 switch에 있는 'D3D_SRV_DIMENSION_TEXTURE2D' 열거자는 case 레이블에 의해 명시적으로 처리되지 않습니다.
C:\Program Files (x86)\Windows Kits\10\Include\10.0.19041.0\um\d3dcommon.h(296,6): message : 'D3D_SRV_DIMENSION' 선언을 참조하십시오.
C:\Program Files (x86)\Windows Kits\10\Include\10.0.19041.0\um\d3d11_3.h(1024,9): warning C4061: 열거형 'D3D_SRV_DIMENSION'의 switch에 있는 'D3D_SRV_DIMENSION_TEXTURE2DARRAY' 열거자는 case 레이블에 의해 명시적으로 처리되지 않습니다.
C:\Program Files (x86)\Windows Kits\10\Include\10.0.19041.0\um\d3dcommon.h(296,6): message : 'D3D_SRV_DIMENSION' 선언을 참조하십시오.
C:\Program Files (x86)\Windows Kits\10\Include\10.0.19041.0\um\d3d11_3.h(1024,9): warning C4061: 열거형 'D3D_SRV_DIMENSION'의 switch에 있는 'D3D_SRV_DIMENSION_TEXTURE2DMS' 열거자는 case 레이블에 의해 명시적으로 처리되지 않습니다.
C:\Program Files (x86)\Windows Kits\10\Include\10.0.19041.0\um\d3dcommon.h(296,6): message : 'D3D_SRV_DIMENSION' 선언을 참조하십시오.
C:\Program Files (x86)\Windows Kits\10\Include\10.0.19041.0\um\d3d11_3.h(1024,9): warning C4061: 열거형 'D3D_SRV_DIMENSION'의 switch에 있는 'D3D_SRV_DIMENSION_TEXTURE2DMSARRAY' 열거자는 case 레이블에 의해 명시적으로 처리되지 않습니다.
C:\Program Files (x86)\Windows Kits\10\Include\10.0.19041.0\um\d3dcommon.h(296,6): message : 'D3D_SRV_DIMENSION' 선언을 참조하십시오.
C:\Program Files (x86)\Windows Kits\10\Include\10.0.19041.0\um\d3d11_3.h(1024,9): warning C4061: 열거형 'D3D_SRV_DIMENSION'의 switch에 있는 'D3D_SRV_DIMENSION_TEXTURE3D' 열거자는 case 레이블에 의해 명시적으로 처리되지 않습니다.
C:\Program Files (x86)\Windows Kits\10\Include\10.0.19041.0\um\d3dcommon.h(296,6): message : 'D3D_SRV_DIMENSION' 선언을 참조하십시오.
C:\Program Files (x86)\Windows Kits\10\Include\10.0.19041.0\um\d3d11_3.h(1024,9): warning C4061: 열거형 'D3D_SRV_DIMENSION'의 switch에 있는 'D3D_SRV_DIMENSION_TEXTURECUBE' 열거자는 case 레이블에 의해 명시적으로 처리되지 않습니다.
C:\Program Files (x86)\Windows Kits\10\Include\10.0.19041.0\um\d3dcommon.h(296,6): message : 'D3D_SRV_DIMENSION' 선언을 참조하십시오.
C:\Program Files (x86)\Windows Kits\10\Include\10.0.19041.0\um\d3d11_3.h(1024,9): warning C4061: 열거형 'D3D_SRV_DIMENSION'의 switch에 있는 'D3D_SRV_DIMENSION_TEXTURECUBEARRAY' 열거자는 case 레이블에 의해 명시적으로 처리되지 않습니다.
C:\Program Files (x86)\Windows Kits\10\Include\10.0.19041.0\um\d3dcommon.h(296,6): message : 'D3D_SRV_DIMENSION' 선언을 참조하십시오.
C:\Program Files (x86)\Windows Kits\10\Include\10.0.19041.0\um\d3d11_3.h(1024,9): warning C4061: 열거형 'D3D_SRV_DIMENSION'의 switch에 있는 'D3D_SRV_DIMENSION_BUFFEREX' 열거자는 case 레이블에 의해 명시적으로 처리되지 않습니다.
C:\Program Files (x86)\Windows Kits\10\Include\10.0.19041.0\um\d3dcommon.h(296,6): message : 'D3D_SRV_DIMENSION' 선언을 참조하십시오.
C:\Program Files (x86)\Windows Kits\10\Include\10.0.19041.0\um\d3d11_3.h(1024,9): warning C4061: 열거형 'D3D_SRV_DIMENSION'의 switch에 있는 'D3D10_SRV_DIMENSION_UNKNOWN' 열거자는 case 레이블에 의해 명시적으로 처리되지 않습니다.
C:\Program Files (x86)\Windows Kits\10\Include\10.0.19041.0\um\d3dcommon.h(296,6): message : 'D3D_SRV_DIMENSION' 선언을 참조하십시오.
C:\Program Files (x86)\Windows Kits\10\Include\10.0.19041.0\um\d3d11_3.h(1024,9): warning C4061: 열거형 'D3D_SRV_DIMENSION'의 switch에 있는 'D3D10_SRV_DIMENSION_BUFFER' 열거자는 case 레이블에 의해 명시적으로 처리되지 않습니다.
C:\Program Files (x86)\Windows Kits\10\Include\10.0.19041.0\um\d3dcommon.h(296,6): message : 'D3D_SRV_DIMENSION' 선언을 참조하십시오.
C:\Program Files (x86)\Windows Kits\10\Include\10.0.19041.0\um\d3d11_3.h(1024,9): warning C4061: 열거형 'D3D_SRV_DIMENSION'의 switch에 있는 'D3D10_SRV_DIMENSION_TEXTURE2D' 열거자는 case 레이블에 의해 명시적으로 처리되지 않습니다.
C:\Program Files (x86)\Windows Kits\10\Include\10.0.19041.0\um\d3dcommon.h(296,6): message : 'D3D_SRV_DIMENSION' 선언을 참조하십시오.
C:\Program Files (x86)\Windows Kits\10\Include\10.0.19041.0\um\d3d11_3.h(1024,9): warning C4061: 열거형 'D3D_SRV_DIMENSION'의 switch에 있는 'D3D10_SRV_DIMENSION_TEXTURE2DARRAY' 열거자는 case 레이블에 의해 명시적으로 처리되지 않습니다.
C:\Program Files (x86)\Windows Kits\10\Include\10.0.19041.0\um\d3dcommon.h(296,6): message : 'D3D_SRV_DIMENSION' 선언을 참조하십시오.
C:\Program Files (x86)\Windows Kits\10\Include\10.0.19041.0\um\d3d11_3.h(1024,9): warning C4061: 열거형 'D3D_SRV_DIMENSION'의 switch에 있는 'D3D10_SRV_DIMENSION_TEXTURE2DMS' 열거자는 case 레이블에 의해 명시적으로 처리되지 않습니다.
C:\Program Files (x86)\Windows Kits\10\Include\10.0.19041.0\um\d3dcommon.h(296,6): message : 'D3D_SRV_DIMENSION' 선언을 참조하십시오.
C:\Program Files (x86)\Windows Kits\10\Include\10.0.19041.0\um\d3d11_3.h(1024,9): warning C4061: 열거형 'D3D_SRV_DIMENSION'의 switch에 있는 'D3D10_SRV_DIMENSION_TEXTURE2DMSARRAY' 열거자는 case 레이블에 의해 명시적으로 처리되지 않습니다.
C:\Program Files (x86)\Windows Kits\10\Include\10.0.19041.0\um\d3dcommon.h(296,6): message : 'D3D_SRV_DIMENSION' 선언을 참조하십시오.
C:\Program Files (x86)\Windows Kits\10\Include\10.0.19041.0\um\d3d11_3.h(1024,9): warning C4061: 열거형 'D3D_SRV_DIMENSION'의 switch에 있는 'D3D10_SRV_DIMENSION_TEXTURE3D' 열거자는 case 레이블에 의해 명시적으로 처리되지 않습니다.
C:\Program Files (x86)\Windows Kits\10\Include\10.0.19041.0\um\d3dcommon.h(296,6): message : 'D3D_SRV_DIMENSION' 선언을 참조하십시오.
C:\Program Files (x86)\Windows Kits\10\Include\10.0.19041.0\um\d3d11_3.h(1024,9): warning C4061: 열거형 'D3D_SRV_DIMENSION'의 switch에 있는 'D3D10_SRV_DIMENSION_TEXTURECUBE' 열거자는 case 레이블에 의해 명시적으로 처리되지 않습니다.
C:\Program Files (x86)\Windows Kits\10\Include\10.0.19041.0\um\d3dcommon.h(296,6): message : 'D3D_SRV_DIMENSION' 선언을 참조하십시오.
C:\Program Files (x86)\Windows Kits\10\Include\10.0.19041.0\um\d3d11_3.h(1024,9): warning C4061: 열거형 'D3D_SRV_DIMENSION'의 switch에 있는 'D3D10_1_SRV_DIMENSION_UNKNOWN' 열거자는 case 레이블에 의해 명시적으로 처리되지 않습니다.
C:\Program Files (x86)\Windows Kits\10\Include\10.0.19041.0\um\d3dcommon.h(296,6): message : 'D3D_SRV_DIMENSION' 선언을 참조하십시오.
C:\Program Files (x86)\Windows Kits\10\Include\10.0.19041.0\um\d3d11_3.h(1024,9): warning C4061: 열거형 'D3D_SRV_DIMENSION'의 switch에 있는 'D3D10_1_SRV_DIMENSION_BUFFER' 열거자는 case 레이블에 의해 명시적으로 처리되지 않습니다.
C:\Program Files (x86)\Windows Kits\10\Include\10.0.19041.0\um\d3dcommon.h(296,6): message : 'D3D_SRV_DIMENSION' 선언을 참조하십시오.
C:\Program Files (x86)\Windows Kits\10\Include\10.0.19041.0\um\d3d11_3.h(1024,9): warning C4061: 열거형 'D3D_SRV_DIMENSION'의 switch에 있는 'D3D10_1_SRV_DIMENSION_TEXTURE2D' 열거자는 case 레이블에 의해 명시적으로 처리되지 않습니다.
C:\Program Files (x86)\Windows Kits\10\Include\10.0.19041.0\um\d3dcommon.h(296,6): message : 'D3D_SRV_DIMENSION' 선언을 참조하십시오.
C:\Program Files (x86)\Windows Kits\10\Include\10.0.19041.0\um\d3d11_3.h(1024,9): warning C4061: 열거형 'D3D_SRV_DIMENSION'의 switch에 있는 'D3D10_1_SRV_DIMENSION_TEXTURE2DARRAY' 열거자는 case 레이블에 의해 명시적으로 처리되지 않습니다.
C:\Program Files (x86)\Windows Kits\10\Include\10.0.19041.0\um\d3dcommon.h(296,6): message : 'D3D_SRV_DIMENSION' 선언을 참조하십시오.
C:\Program Files (x86)\Windows Kits\10\Include\10.0.19041.0\um\d3d11_3.h(1024,9): warning C4061: 열거형 'D3D_SRV_DIMENSION'의 switch에 있는 'D3D10_1_SRV_DIMENSION_TEXTURE2DMS' 열거자는 case 레이블에 의해 명시적으로 처리되지 않습니다.
C:\Program Files (x86)\Windows Kits\10\Include\10.0.19041.0\um\d3dcommon.h(296,6): message : 'D3D_SRV_DIMENSION' 선언을 참조하십시오.
C:\Program Files (x86)\Windows Kits\10\Include\10.0.19041.0\um\d3d11_3.h(1024,9): warning C4061: 열거형 'D3D_SRV_DIMENSION'의 switch에 있는 'D3D10_1_SRV_DIMENSION_TEXTURE2DMSARRAY' 열거자는 case 레이블에 의해 명시적으로 처리되지 않습니다.
C:\Program Files (x86)\Windows Kits\10\Include\10.0.19041.0\um\d3dcommon.h(296,6): message : 'D3D_SRV_DIMENSION' 선언을 참조하십시오.
C:\Program Files (x86)\Windows Kits\10\Include\10.0.19041.0\um\d3d11_3.h(1024,9): warning C4061: 열거형 'D3D_SRV_DIMENSION'의 switch에 있는 'D3D10_1_SRV_DIMENSION_TEXTURE3D' 열거자는 case 레이블에 의해 명시적으로 처리되지 않습니다.
C:\Program Files (x86)\Windows Kits\10\Include\10.0.19041.0\um\d3dcommon.h(296,6): message : 'D3D_SRV_DIMENSION' 선언을 참조하십시오.
C:\Program Files (x86)\Windows Kits\10\Include\10.0.19041.0\um\d3d11_3.h(1024,9): warning C4061: 열거형 'D3D_SRV_DIMENSION'의 switch에 있는 'D3D10_1_SRV_DIMENSION_TEXTURECUBE' 열거자는 case 레이블에 의해 명시적으로 처리되지 않습니다.
C:\Program Files (x86)\Windows Kits\10\Include\10.0.19041.0\um\d3dcommon.h(296,6): message : 'D3D_SRV_DIMENSION' 선언을 참조하십시오.
C:\Program Files (x86)\Windows Kits\10\Include\10.0.19041.0\um\d3d11_3.h(1024,9): warning C4061: 열거형 'D3D_SRV_DIMENSION'의 switch에 있는 'D3D10_1_SRV_DIMENSION_TEXTURECUBEARRAY' 열거자는 case 레이블에 의해 명시적으로 처리되지 않습니다.
C:\Program Files (x86)\Windows Kits\10\Include\10.0.19041.0\um\d3dcommon.h(296,6): message : 'D3D_SRV_DIMENSION' 선언을 참조하십시오.
C:\Program Files (x86)\Windows Kits\10\Include\10.0.19041.0\um\d3d11_3.h(1024,9): warning C4061: 열거형 'D3D_SRV_DIMENSION'의 switch에 있는 'D3D11_SRV_DIMENSION_UNKNOWN' 열거자는 case 레이블에 의해 명시적으로 처리되지 않습니다.
C:\Program Files (x86)\Windows Kits\10\Include\10.0.19041.0\um\d3dcommon.h(296,6): message : 'D3D_SRV_DIMENSION' 선언을 참조하십시오.
C:\Program Files (x86)\Windows Kits\10\Include\10.0.19041.0\um\d3d11_3.h(1024,9): warning C4061: 열거형 'D3D_SRV_DIMENSION'의 switch에 있는 'D3D11_SRV_DIMENSION_BUFFER' 열거자는 case 레이블에 의해 명시적으로 처리되지 않습니다.
C:\Program Files (x86)\Windows Kits\10\Include\10.0.19041.0\um\d3dcommon.h(296,6): message : 'D3D_SRV_DIMENSION' 선언을 참조하십시오.
C:\Program Files (x86)\Windows Kits\10\Include\10.0.19041.0\um\d3d11_3.h(1024,9): warning C4061: 열거형 'D3D_SRV_DIMENSION'의 switch에 있는 'D3D11_SRV_DIMENSION_TEXTURE2D' 열거자는 case 레이블에 의해 명시적으로 처리되지 않습니다.
C:\Program Files (x86)\Windows Kits\10\Include\10.0.19041.0\um\d3dcommon.h(296,6): message : 'D3D_SRV_DIMENSION' 선언을 참조하십시오.
C:\Program Files (x86)\Windows Kits\10\Include\10.0.19041.0\um\d3d11_3.h(1024,9): warning C4061: 열거형 'D3D_SRV_DIMENSION'의 switch에 있는 'D3D11_SRV_DIMENSION_TEXTURE2DARRAY' 열거자는 case 레이블에 의해 명시적으로 처리되지 않습니다.
C:\Program Files (x86)\Windows Kits\10\Include\10.0.19041.0\um\d3dcommon.h(296,6): message : 'D3D_SRV_DIMENSION' 선언을 참조하십시오.
C:\Program Files (x86)\Windows Kits\10\Include\10.0.19041.0\um\d3d11_3.h(1024,9): warning C4061: 열거형 'D3D_SRV_DIMENSION'의 switch에 있는 'D3D11_SRV_DIMENSION_TEXTURE2DMS' 열거자는 case 레이블에 의해 명시적으로 처리되지 않습니다.
C:\Program Files (x86)\Windows Kits\10\Include\10.0.19041.0\um\d3dcommon.h(296,6): message : 'D3D_SRV_DIMENSION' 선언을 참조하십시오.
C:\Program Files (x86)\Windows Kits\10\Include\10.0.19041.0\um\d3d11_3.h(1024,9): warning C4061: 열거형 'D3D_SRV_DIMENSION'의 switch에 있는 'D3D11_SRV_DIMENSION_TEXTURE2DMSARRAY' 열거자는 case 레이블에 의해 명시적으로 처리되지 않습니다.
C:\Program Files (x86)\Windows Kits\10\Include\10.0.19041.0\um\d3dcommon.h(296,6): message : 'D3D_SRV_DIMENSION' 선언을 참조하십시오.
C:\Program Files (x86)\Windows Kits\10\Include\10.0.19041.0\um\d3d11_3.h(1024,9): warning C4061: 열거형 'D3D_SRV_DIMENSION'의 switch에 있는 'D3D11_SRV_DIMENSION_TEXTURE3D' 열거자는 case 레이블에 의해 명시적으로 처리되지 않습니다.
C:\Program Files (x86)\Windows Kits\10\Include\10.0.19041.0\um\d3dcommon.h(296,6): message : 'D3D_SRV_DIMENSION' 선언을 참조하십시오.
C:\Program Files (x86)\Windows Kits\10\Include\10.0.19041.0\um\d3d11_3.h(1024,9): warning C4061: 열거형 'D3D_SRV_DIMENSION'의 switch에 있는 'D3D11_SRV_DIMENSION_TEXTURECUBE' 열거자는 case 레이블에 의해 명시적으로 처리되지 않습니다.
C:\Program Files (x86)\Windows Kits\10\Include\10.0.19041.0\um\d3dcommon.h(296,6): message : 'D3D_SRV_DIMENSION' 선언을 참조하십시오.
C:\Program Files (x86)\Windows Kits\10\Include\10.0.19041.0\um\d3d11_3.h(1024,9): warning C4061: 열거형 'D3D_SRV_DIMENSION'의 switch에 있는 'D3D11_SRV_DIMENSION_TEXTURECUBEARRAY' 열거자는 case 레이블에 의해 명시적으로 처리되지 않습니다.
C:\Program Files (x86)\Windows Kits\10\Include\10.0.19041.0\um\d3dcommon.h(296,6): message : 'D3D_SRV_DIMENSION' 선언을 참조하십시오.
C:\Program Files (x86)\Windows Kits\10\Include\10.0.19041.0\um\d3d11_3.h(1024,9): warning C4061: 열거형 'D3D_SRV_DIMENSION'의 switch에 있는 'D3D11_SRV_DIMENSION_BUFFEREX' 열거자는 case 레이블에 의해 명시적으로 처리되지 않습니다.
C:\Program Files (x86)\Windows Kits\10\Include\10.0.19041.0\um\d3dcommon.h(296,6): message : 'D3D_SRV_DIMENSION' 선언을 참조하십시오.
C:\Program Files (x86)\Windows Kits\10\Include\10.0.19041.0\um\d3d11_3.h(1088,9): warning C4061: 열거형 'D3D_SRV_DIMENSION'의 switch에 있는 'D3D_SRV_DIMENSION_UNKNOWN' 열거자는 case 레이블에 의해 명시적으로 처리되지 않습니다.
C:\Program Files (x86)\Windows Kits\10\Include\10.0.19041.0\um\d3dcommon.h(296,6): message : 'D3D_SRV_DIMENSION' 선언을 참조하십시오.
C:\Program Files (x86)\Windows Kits\10\Include\10.0.19041.0\um\d3d11_3.h(1088,9): warning C4061: 열거형 'D3D_SRV_DIMENSION'의 switch에 있는 'D3D_SRV_DIMENSION_BUFFER' 열거자는 case 레이블에 의해 명시적으로 처리되지 않습니다.
C:\Program Files (x86)\Windows Kits\10\Include\10.0.19041.0\um\d3dcommon.h(296,6): message : 'D3D_SRV_DIMENSION' 선언을 참조하십시오.
C:\Program Files (x86)\Windows Kits\10\Include\10.0.19041.0\um\d3d11_3.h(1088,9): warning C4061: 열거형 'D3D_SRV_DIMENSION'의 switch에 있는 'D3D_SRV_DIMENSION_TEXTURE1D' 열거자는 case 레이블에 의해 명시적으로 처리되지 않습니다.
C:\Program Files (x86)\Windows Kits\10\Include\10.0.19041.0\um\d3dcommon.h(296,6): message : 'D3D_SRV_DIMENSION' 선언을 참조하십시오.
C:\Program Files (x86)\Windows Kits\10\Include\10.0.19041.0\um\d3d11_3.h(1088,9): warning C4061: 열거형 'D3D_SRV_DIMENSION'의 switch에 있는 'D3D_SRV_DIMENSION_TEXTURE1DARRAY' 열거자는 case 레이블에 의해 명시적으로 처리되지 않습니다.
C:\Program Files (x86)\Windows Kits\10\Include\10.0.19041.0\um\d3dcommon.h(296,6): message : 'D3D_SRV_DIMENSION' 선언을 참조하십시오.
C:\Program Files (x86)\Windows Kits\10\Include\10.0.19041.0\um\d3d11_3.h(1088,9): warning C4061: 열거형 'D3D_SRV_DIMENSION'의 switch에 있는 'D3D_SRV_DIMENSION_TEXTURE3D' 열거자는 case 레이블에 의해 명시적으로 처리되지 않습니다.
C:\Program Files (x86)\Windows Kits\10\Include\10.0.19041.0\um\d3dcommon.h(296,6): message : 'D3D_SRV_DIMENSION' 선언을 참조하십시오.
C:\Program Files (x86)\Windows Kits\10\Include\10.0.19041.0\um\d3d11_3.h(1088,9): warning C4061: 열거형 'D3D_SRV_DIMENSION'의 switch에 있는 'D3D_SRV_DIMENSION_BUFFEREX' 열거자는 case 레이블에 의해 명시적으로 처리되지 않습니다.
C:\Program Files (x86)\Windows Kits\10\Include\10.0.19041.0\um\d3dcommon.h(296,6): message : 'D3D_SRV_DIMENSION' 선언을 참조하십시오.
C:\Program Files (x86)\Windows Kits\10\Include\10.0.19041.0\um\d3d11_3.h(1088,9): warning C4061: 열거형 'D3D_SRV_DIMENSION'의 switch에 있는 'D3D10_SRV_DIMENSION_UNKNOWN' 열거자는 case 레이블에 의해 명시적으로 처리되지 않습니다.
C:\Program Files (x86)\Windows Kits\10\Include\10.0.19041.0\um\d3dcommon.h(296,6): message : 'D3D_SRV_DIMENSION' 선언을 참조하십시오.
C:\Program Files (x86)\Windows Kits\10\Include\10.0.19041.0\um\d3d11_3.h(1088,9): warning C4061: 열거형 'D3D_SRV_DIMENSION'의 switch에 있는 'D3D10_SRV_DIMENSION_BUFFER' 열거자는 case 레이블에 의해 명시적으로 처리되지 않습니다.
C:\Program Files (x86)\Windows Kits\10\Include\10.0.19041.0\um\d3dcommon.h(296,6): message : 'D3D_SRV_DIMENSION' 선언을 참조하십시오.
C:\Program Files (x86)\Windows Kits\10\Include\10.0.19041.0\um\d3d11_3.h(1088,9): warning C4061: 열거형 'D3D_SRV_DIMENSION'의 switch에 있는 'D3D10_SRV_DIMENSION_TEXTURE1D' 열거자는 case 레이블에 의해 명시적으로 처리되지 않습니다.
C:\Program Files (x86)\Windows Kits\10\Include\10.0.19041.0\um\d3dcommon.h(296,6): message : 'D3D_SRV_DIMENSION' 선언을 참조하십시오.
C:\Program Files (x86)\Windows Kits\10\Include\10.0.19041.0\um\d3d11_3.h(1088,9): warning C4061: 열거형 'D3D_SRV_DIMENSION'의 switch에 있는 'D3D10_SRV_DIMENSION_TEXTURE1DARRAY' 열거자는 case 레이블에 의해 명시적으로 처리되지 않습니다.
C:\Program Files (x86)\Windows Kits\10\Include\10.0.19041.0\um\d3dcommon.h(296,6): message : 'D3D_SRV_DIMENSION' 선언을 참조하십시오.
C:\Program Files (x86)\Windows Kits\10\Include\10.0.19041.0\um\d3d11_3.h(1088,9): warning C4061: 열거형 'D3D_SRV_DIMENSION'의 switch에 있는 'D3D10_SRV_DIMENSION_TEXTURE3D' 열거자는 case 레이블에 의해 명시적으로 처리되지 않습니다.
C:\Program Files (x86)\Windows Kits\10\Include\10.0.19041.0\um\d3dcommon.h(296,6): message : 'D3D_SRV_DIMENSION' 선언을 참조하십시오.
C:\Program Files (x86)\Windows Kits\10\Include\10.0.19041.0\um\d3d11_3.h(1088,9): warning C4061: 열거형 'D3D_SRV_DIMENSION'의 switch에 있는 'D3D10_1_SRV_DIMENSION_UNKNOWN' 열거자는 case 레이블에 의해 명시적으로 처리되지 않습니다.
C:\Program Files (x86)\Windows Kits\10\Include\10.0.19041.0\um\d3dcommon.h(296,6): message : 'D3D_SRV_DIMENSION' 선언을 참조하십시오.
C:\Program Files (x86)\Windows Kits\10\Include\10.0.19041.0\um\d3d11_3.h(1088,9): warning C4061: 열거형 'D3D_SRV_DIMENSION'의 switch에 있는 'D3D10_1_SRV_DIMENSION_BUFFER' 열거자는 case 레이블에 의해 명시적으로 처리되지 않습니다.
C:\Program Files (x86)\Windows Kits\10\Include\10.0.19041.0\um\d3dcommon.h(296,6): message : 'D3D_SRV_DIMENSION' 선언을 참조하십시오.
C:\Program Files (x86)\Windows Kits\10\Include\10.0.19041.0\um\d3d11_3.h(1088,9): warning C4061: 열거형 'D3D_SRV_DIMENSION'의 switch에 있는 'D3D10_1_SRV_DIMENSION_TEXTURE1D' 열거자는 case 레이블에 의해 명시적으로 처리되지 않습니다.
C:\Program Files (x86)\Windows Kits\10\Include\10.0.19041.0\um\d3dcommon.h(296,6): message : 'D3D_SRV_DIMENSION' 선언을 참조하십시오.
C:\Program Files (x86)\Windows Kits\10\Include\10.0.19041.0\um\d3d11_3.h(1088,9): warning C4061: 열거형 'D3D_SRV_DIMENSION'의 switch에 있는 'D3D10_1_SRV_DIMENSION_TEXTURE1DARRAY' 열거자는 case 레이블에 의해 명시적으로 처리되지 않습니다.
C:\Program Files (x86)\Windows Kits\10\Include\10.0.19041.0\um\d3dcommon.h(296,6): message : 'D3D_SRV_DIMENSION' 선언을 참조하십시오.
C:\Program Files (x86)\Windows Kits\10\Include\10.0.19041.0\um\d3d11_3.h(1088,9): warning C4061: 열거형 'D3D_SRV_DIMENSION'의 switch에 있는 'D3D10_1_SRV_DIMENSION_TEXTURE3D' 열거자는 case 레이블에 의해 명시적으로 처리되지 않습니다.
C:\Program Files (x86)\Windows Kits\10\Include\10.0.19041.0\um\d3dcommon.h(296,6): message : 'D3D_SRV_DIMENSION' 선언을 참조하십시오.
C:\Program Files (x86)\Windows Kits\10\Include\10.0.19041.0\um\d3d11_3.h(1088,9): warning C4061: 열거형 'D3D_SRV_DIMENSION'의 switch에 있는 'D3D11_SRV_DIMENSION_UNKNOWN' 열거자는 case 레이블에 의해 명시적으로 처리되지 않습니다.
C:\Program Files (x86)\Windows Kits\10\Include\10.0.19041.0\um\d3dcommon.h(296,6): message : 'D3D_SRV_DIMENSION' 선언을 참조하십시오.
C:\Program Files (x86)\Windows Kits\10\Include\10.0.19041.0\um\d3d11_3.h(1088,9): warning C4061: 열거형 'D3D_SRV_DIMENSION'의 switch에 있는 'D3D11_SRV_DIMENSION_BUFFER' 열거자는 case 레이블에 의해 명시적으로 처리되지 않습니다.
C:\Program Files (x86)\Windows Kits\10\Include\10.0.19041.0\um\d3dcommon.h(296,6): message : 'D3D_SRV_DIMENSION' 선언을 참조하십시오.
C:\Program Files (x86)\Windows Kits\10\Include\10.0.19041.0\um\d3d11_3.h(1088,9): warning C4061: 열거형 'D3D_SRV_DIMENSION'의 switch에 있는 'D3D11_SRV_DIMENSION_TEXTURE1D' 열거자는 case 레이블에 의해 명시적으로 처리되지 않습니다.
C:\Program Files (x86)\Windows Kits\10\Include\10.0.19041.0\um\d3dcommon.h(296,6): message : 'D3D_SRV_DIMENSION' 선언을 참조하십시오.
C:\Program Files (x86)\Windows Kits\10\Include\10.0.19041.0\um\d3d11_3.h(1088,9): warning C4061: 열거형 'D3D_SRV_DIMENSION'의 switch에 있는 'D3D11_SRV_DIMENSION_TEXTURE1DARRAY' 열거자는 case 레이블에 의해 명시적으로 처리되지 않습니다.
C:\Program Files (x86)\Windows Kits\10\Include\10.0.19041.0\um\d3dcommon.h(296,6): message : 'D3D_SRV_DIMENSION' 선언을 참조하십시오.
C:\Program Files (x86)\Windows Kits\10\Include\10.0.19041.0\um\d3d11_3.h(1088,9): warning C4061: 열거형 'D3D_SRV_DIMENSION'의 switch에 있는 'D3D11_SRV_DIMENSION_TEXTURE3D' 열거자는 case 레이블에 의해 명시적으로 처리되지 않습니다.
C:\Program Files (x86)\Windows Kits\10\Include\10.0.19041.0\um\d3dcommon.h(296,6): message : 'D3D_SRV_DIMENSION' 선언을 참조하십시오.
C:\Program Files (x86)\Windows Kits\10\Include\10.0.19041.0\um\d3d11_3.h(1088,9): warning C4061: 열거형 'D3D_SRV_DIMENSION'의 switch에 있는 'D3D11_SRV_DIMENSION_BUFFEREX' 열거자는 case 레이블에 의해 명시적으로 처리되지 않습니다.
C:\Program Files (x86)\Windows Kits\10\Include\10.0.19041.0\um\d3dcommon.h(296,6): message : 'D3D_SRV_DIMENSION' 선언을 참조하십시오.
C:\Program Files (x86)\Windows Kits\10\Include\10.0.19041.0\um\d3d11_3.h(1348,9): warning C4061: 열거형 'D3D11_RTV_DIMENSION'의 switch에 있는 'D3D11_RTV_DIMENSION_UNKNOWN' 열거자는 case 레이블에 의해 명시적으로 처리되지 않습니다.
C:\Program Files (x86)\Windows Kits\10\Include\10.0.19041.0\um\d3d11.h(1183,6): message : 'D3D11_RTV_DIMENSION' 선언을 참조하십시오.
C:\Program Files (x86)\Windows Kits\10\Include\10.0.19041.0\um\d3d11_3.h(1390,9): warning C4061: 열거형 'D3D11_RTV_DIMENSION'의 switch에 있는 'D3D11_RTV_DIMENSION_UNKNOWN' 열거자는 case 레이블에 의해 명시적으로 처리되지 않습니다.
C:\Program Files (x86)\Windows Kits\10\Include\10.0.19041.0\um\d3d11.h(1183,6): message : 'D3D11_RTV_DIMENSION' 선언을 참조하십시오.
C:\Program Files (x86)\Windows Kits\10\Include\10.0.19041.0\um\d3d11_3.h(1390,9): warning C4061: 열거형 'D3D11_RTV_DIMENSION'의 switch에 있는 'D3D11_RTV_DIMENSION_BUFFER' 열거자는 case 레이블에 의해 명시적으로 처리되지 않습니다.
C:\Program Files (x86)\Windows Kits\10\Include\10.0.19041.0\um\d3d11.h(1183,6): message : 'D3D11_RTV_DIMENSION' 선언을 참조하십시오.
C:\Program Files (x86)\Windows Kits\10\Include\10.0.19041.0\um\d3d11_3.h(1390,9): warning C4061: 열거형 'D3D11_RTV_DIMENSION'의 switch에 있는 'D3D11_RTV_DIMENSION_TEXTURE2D' 열거자는 case 레이블에 의해 명시적으로 처리되지 않습니다.
C:\Program Files (x86)\Windows Kits\10\Include\10.0.19041.0\um\d3d11.h(1183,6): message : 'D3D11_RTV_DIMENSION' 선언을 참조하십시오.
C:\Program Files (x86)\Windows Kits\10\Include\10.0.19041.0\um\d3d11_3.h(1390,9): warning C4061: 열거형 'D3D11_RTV_DIMENSION'의 switch에 있는 'D3D11_RTV_DIMENSION_TEXTURE2DARRAY' 열거자는 case 레이블에 의해 명시적으로 처리되지 않습니다.
C:\Program Files (x86)\Windows Kits\10\Include\10.0.19041.0\um\d3d11.h(1183,6): message : 'D3D11_RTV_DIMENSION' 선언을 참조하십시오.
C:\Program Files (x86)\Windows Kits\10\Include\10.0.19041.0\um\d3d11_3.h(1390,9): warning C4061: 열거형 'D3D11_RTV_DIMENSION'의 switch에 있는 'D3D11_RTV_DIMENSION_TEXTURE2DMS' 열거자는 case 레이블에 의해 명시적으로 처리되지 않습니다.
C:\Program Files (x86)\Windows Kits\10\Include\10.0.19041.0\um\d3d11.h(1183,6): message : 'D3D11_RTV_DIMENSION' 선언을 참조하십시오.
C:\Program Files (x86)\Windows Kits\10\Include\10.0.19041.0\um\d3d11_3.h(1390,9): warning C4061: 열거형 'D3D11_RTV_DIMENSION'의 switch에 있는 'D3D11_RTV_DIMENSION_TEXTURE2DMSARRAY' 열거자는 case 레이블에 의해 명시적으로 처리되지 않습니다.
C:\Program Files (x86)\Windows Kits\10\Include\10.0.19041.0\um\d3d11.h(1183,6): message : 'D3D11_RTV_DIMENSION' 선언을 참조하십시오.
C:\Program Files (x86)\Windows Kits\10\Include\10.0.19041.0\um\d3d11_3.h(1390,9): warning C4061: 열거형 'D3D11_RTV_DIMENSION'의 switch에 있는 'D3D11_RTV_DIMENSION_TEXTURE3D' 열거자는 case 레이블에 의해 명시적으로 처리되지 않습니다.
C:\Program Files (x86)\Windows Kits\10\Include\10.0.19041.0\um\d3d11.h(1183,6): message : 'D3D11_RTV_DIMENSION' 선언을 참조하십시오.
C:\Program Files (x86)\Windows Kits\10\Include\10.0.19041.0\um\d3d11_3.h(1432,9): warning C4061: 열거형 'D3D11_RTV_DIMENSION'의 switch에 있는 'D3D11_RTV_DIMENSION_UNKNOWN' 열거자는 case 레이블에 의해 명시적으로 처리되지 않습니다.
C:\Program Files (x86)\Windows Kits\10\Include\10.0.19041.0\um\d3d11.h(1183,6): message : 'D3D11_RTV_DIMENSION' 선언을 참조하십시오.
C:\Program Files (x86)\Windows Kits\10\Include\10.0.19041.0\um\d3d11_3.h(1432,9): warning C4061: 열거형 'D3D11_RTV_DIMENSION'의 switch에 있는 'D3D11_RTV_DIMENSION_BUFFER' 열거자는 case 레이블에 의해 명시적으로 처리되지 않습니다.
C:\Program Files (x86)\Windows Kits\10\Include\10.0.19041.0\um\d3d11.h(1183,6): message : 'D3D11_RTV_DIMENSION' 선언을 참조하십시오.
C:\Program Files (x86)\Windows Kits\10\Include\10.0.19041.0\um\d3d11_3.h(1432,9): warning C4061: 열거형 'D3D11_RTV_DIMENSION'의 switch에 있는 'D3D11_RTV_DIMENSION_TEXTURE1D' 열거자는 case 레이블에 의해 명시적으로 처리되지 않습니다.
C:\Program Files (x86)\Windows Kits\10\Include\10.0.19041.0\um\d3d11.h(1183,6): message : 'D3D11_RTV_DIMENSION' 선언을 참조하십시오.
C:\Program Files (x86)\Windows Kits\10\Include\10.0.19041.0\um\d3d11_3.h(1432,9): warning C4061: 열거형 'D3D11_RTV_DIMENSION'의 switch에 있는 'D3D11_RTV_DIMENSION_TEXTURE1DARRAY' 열거자는 case 레이블에 의해 명시적으로 처리되지 않습니다.
C:\Program Files (x86)\Windows Kits\10\Include\10.0.19041.0\um\d3d11.h(1183,6): message : 'D3D11_RTV_DIMENSION' 선언을 참조하십시오.
C:\Program Files (x86)\Windows Kits\10\Include\10.0.19041.0\um\d3d11_3.h(1432,9): warning C4061: 열거형 'D3D11_RTV_DIMENSION'의 switch에 있는 'D3D11_RTV_DIMENSION_TEXTURE3D' 열거자는 case 레이블에 의해 명시적으로 처리되지 않습니다.
C:\Program Files (x86)\Windows Kits\10\Include\10.0.19041.0\um\d3d11.h(1183,6): message : 'D3D11_RTV_DIMENSION' 선언을 참조하십시오.
C:\Program Files (x86)\Windows Kits\10\Include\10.0.19041.0\um\d3d11_3.h(1688,9): warning C4061: 열거형 'D3D11_UAV_DIMENSION'의 switch에 있는 'D3D11_UAV_DIMENSION_UNKNOWN' 열거자는 case 레이블에 의해 명시적으로 처리되지 않습니다.
C:\Program Files (x86)\Windows Kits\10\Include\10.0.19041.0\um\d3d11.h(1197,6): message : 'D3D11_UAV_DIMENSION' 선언을 참조하십시오.
C:\Program Files (x86)\Windows Kits\10\Include\10.0.19041.0\um\d3d11_3.h(1732,9): warning C4061: 열거형 'D3D11_UAV_DIMENSION'의 switch에 있는 'D3D11_UAV_DIMENSION_UNKNOWN' 열거자는 case 레이블에 의해 명시적으로 처리되지 않습니다.
C:\Program Files (x86)\Windows Kits\10\Include\10.0.19041.0\um\d3d11.h(1197,6): message : 'D3D11_UAV_DIMENSION' 선언을 참조하십시오.
C:\Program Files (x86)\Windows Kits\10\Include\10.0.19041.0\um\d3d11_3.h(1732,9): warning C4061: 열거형 'D3D11_UAV_DIMENSION'의 switch에 있는 'D3D11_UAV_DIMENSION_BUFFER' 열거자는 case 레이블에 의해 명시적으로 처리되지 않습니다.
C:\Program Files (x86)\Windows Kits\10\Include\10.0.19041.0\um\d3d11.h(1197,6): message : 'D3D11_UAV_DIMENSION' 선언을 참조하십시오.
C:\Program Files (x86)\Windows Kits\10\Include\10.0.19041.0\um\d3d11_3.h(1732,9): warning C4061: 열거형 'D3D11_UAV_DIMENSION'의 switch에 있는 'D3D11_UAV_DIMENSION_TEXTURE2D' 열거자는 case 레이블에 의해 명시적으로 처리되지 않습니다.
C:\Program Files (x86)\Windows Kits\10\Include\10.0.19041.0\um\d3d11.h(1197,6): message : 'D3D11_UAV_DIMENSION' 선언을 참조하십시오.
C:\Program Files (x86)\Windows Kits\10\Include\10.0.19041.0\um\d3d11_3.h(1732,9): warning C4061: 열거형 'D3D11_UAV_DIMENSION'의 switch에 있는 'D3D11_UAV_DIMENSION_TEXTURE2DARRAY' 열거자는 case 레이블에 의해 명시적으로 처리되지 않습니다.
C:\Program Files (x86)\Windows Kits\10\Include\10.0.19041.0\um\d3d11.h(1197,6): message : 'D3D11_UAV_DIMENSION' 선언을 참조하십시오.
C:\Program Files (x86)\Windows Kits\10\Include\10.0.19041.0\um\d3d11_3.h(1732,9): warning C4061: 열거형 'D3D11_UAV_DIMENSION'의 switch에 있는 'D3D11_UAV_DIMENSION_TEXTURE3D' 열거자는 case 레이블에 의해 명시적으로 처리되지 않습니다.
C:\Program Files (x86)\Windows Kits\10\Include\10.0.19041.0\um\d3d11.h(1197,6): message : 'D3D11_UAV_DIMENSION' 선언을 참조하십시오.
C:\Program Files (x86)\Windows Kits\10\Include\10.0.19041.0\um\d3d11_3.h(1766,9): warning C4061: 열거형 'D3D11_UAV_DIMENSION'의 switch에 있는 'D3D11_UAV_DIMENSION_UNKNOWN' 열거자는 case 레이블에 의해 명시적으로 처리되지 않습니다.
C:\Program Files (x86)\Windows Kits\10\Include\10.0.19041.0\um\d3d11.h(1197,6): message : 'D3D11_UAV_DIMENSION' 선언을 참조하십시오.
C:\Program Files (x86)\Windows Kits\10\Include\10.0.19041.0\um\d3d11_3.h(1766,9): warning C4061: 열거형 'D3D11_UAV_DIMENSION'의 switch에 있는 'D3D11_UAV_DIMENSION_BUFFER' 열거자는 case 레이블에 의해 명시적으로 처리되지 않습니다.
C:\Program Files (x86)\Windows Kits\10\Include\10.0.19041.0\um\d3d11.h(1197,6): message : 'D3D11_UAV_DIMENSION' 선언을 참조하십시오.
C:\Program Files (x86)\Windows Kits\10\Include\10.0.19041.0\um\d3d11_3.h(1766,9): warning C4061: 열거형 'D3D11_UAV_DIMENSION'의 switch에 있는 'D3D11_UAV_DIMENSION_TEXTURE1D' 열거자는 case 레이블에 의해 명시적으로 처리되지 않습니다.
C:\Program Files (x86)\Windows Kits\10\Include\10.0.19041.0\um\d3d11.h(1197,6): message : 'D3D11_UAV_DIMENSION' 선언을 참조하십시오.
C:\Program Files (x86)\Windows Kits\10\Include\10.0.19041.0\um\d3d11_3.h(1766,9): warning C4061: 열거형 'D3D11_UAV_DIMENSION'의 switch에 있는 'D3D11_UAV_DIMENSION_TEXTURE1DARRAY' 열거자는 case 레이블에 의해 명시적으로 처리되지 않습니다.
C:\Program Files (x86)\Windows Kits\10\Include\10.0.19041.0\um\d3d11.h(1197,6): message : 'D3D11_UAV_DIMENSION' 선언을 참조하십시오.
C:\Program Files (x86)\Windows Kits\10\Include\10.0.19041.0\um\d3d11_3.h(1766,9): warning C4061: 열거형 'D3D11_UAV_DIMENSION'의 switch에 있는 'D3D11_UAV_DIMENSION_TEXTURE3D' 열거자는 case 레이블에 의해 명시적으로 처리되지 않습니다.
C:\Program Files (x86)\Windows Kits\10\Include\10.0.19041.0\um\d3d11.h(1197,6): message : 'D3D11_UAV_DIMENSION' 선언을 참조하십시오.
C:\Program Files (x86)\Windows Kits\10\Include\10.0.19041.0\um\d3d11_4.h(3526,40): warning C4820: 'D3D11_VIDEO_DECODER_BUFFER_DESC2': '4' 바이트 패딩이 데이터 멤버 'D3D11_VIDEO_DECODER_BUFFER_DESC2::DataSize' 다음에 추가됨
C:\Program Files (x86)\Windows Kits\10\Include\10.0.19041.0\um\d3d11_4.h(3529,114): warning C4820: 'D3D11_VIDEO_DECODER_BUFFER_DESC2': '4' 바이트 패딩이 데이터 멤버 'D3D11_VIDEO_DECODER_BUFFER_DESC2::IVSize' 다음에 추가됨
C:\Program Files (x86)\Windows Kits\10\Include\10.0.19041.0\um\d3d11_4.h(3533,5): warning C4820: 'D3D11_VIDEO_DECODER_BUFFER_DESC2': '4' 바이트 패딩이 데이터 멤버 'D3D11_VIDEO_DECODER_BUFFER_DESC2::cBlocksStripeClear' 다음에 추가됨
C:\Program Files (x86)\Windows Kits\10\Include\10.0.19041.0\um\d3d11shader.h(58,33): warning C4820: '_D3D11_SIGNATURE_PARAMETER_DESC': '2' 바이트 패딩이 데이터 멤버 '_D3D11_SIGNATURE_PARAMETER_DESC::ReadWriteMask' 다음에 추가됨
C:\Program Files (x86)\Windows Kits\10\Include\10.0.19041.0\um\d3d11shader.h(60,1): warning C4820: '_D3D11_SIGNATURE_PARAMETER_DESC': '4' 바이트 패딩이 데이터 멤버 '_D3D11_SIGNATURE_PARAMETER_DESC::MinPrecision' 다음에 추가됨
C:\Program Files (x86)\Windows Kits\10\Include\10.0.19041.0\um\d3d11shader.h(77,29): warning C4820: '_D3D11_SHADER_VARIABLE_DESC': '4' 바이트 패딩이 데이터 멤버 '_D3D11_SHADER_VARIABLE_DESC::uFlags' 다음에 추가됨
C:\Program Files (x86)\Windows Kits\10\Include\10.0.19041.0\um\d3d11shader.h(93,33): warning C4820: '_D3D11_SHADER_TYPE_DESC': '4' 바이트 패딩이 데이터 멤버 '_D3D11_SHADER_TYPE_DESC::Offset' 다음에 추가됨
C:\Program Files (x86)\Windows Kits\10\Include\10.0.19041.0\um\d3d11shader.h(105,29): warning C4820: '_D3D11_SHADER_DESC': '4' 바이트 패딩이 데이터 멤버 '_D3D11_SHADER_DESC::Version' 다음에 추가됨
C:\Program Files (x86)\Windows Kits\10\Include\10.0.19041.0\um\d3d11shader.h(158,1): warning C4820: '_D3D11_SHADER_INPUT_BIND_DESC': '4' 바이트 패딩이 데이터 멤버 '_D3D11_SHADER_INPUT_BIND_DESC::NumSamples' 다음에 추가됨
C:\Program Files (x86)\Windows Kits\10\Include\10.0.19041.0\um\d3d11shader.h(181,29): warning C4820: '_D3D11_FUNCTION_DESC': '4' 바이트 패딩이 데이터 멤버 '_D3D11_FUNCTION_DESC::Version' 다음에 추가됨
C:\Program Files (x86)\Windows Kits\10\Include\10.0.19041.0\um\d3d11shader.h(209,29): warning C4820: '_D3D11_FUNCTION_DESC': '4' 바이트 패딩이 데이터 멤버 '_D3D11_FUNCTION_DESC::MinFeatureLevel' 다음에 추가됨
C:\Program Files (x86)\Windows Kits\10\Include\10.0.19041.0\um\d3d12shader.h(57,33): warning C4820: '_D3D12_SIGNATURE_PARAMETER_DESC': '2' 바이트 패딩이 데이터 멤버 '_D3D12_SIGNATURE_PARAMETER_DESC::ReadWriteMask' 다음에 추가됨
C:\Program Files (x86)\Windows Kits\10\Include\10.0.19041.0\um\d3d12shader.h(59,1): warning C4820: '_D3D12_SIGNATURE_PARAMETER_DESC': '4' 바이트 패딩이 데이터 멤버 '_D3D12_SIGNATURE_PARAMETER_DESC::MinPrecision' 다음에 추가됨
C:\Program Files (x86)\Windows Kits\10\Include\10.0.19041.0\um\d3d12shader.h(76,29): warning C4820: '_D3D12_SHADER_VARIABLE_DESC': '4' 바이트 패딩이 데이터 멤버 '_D3D12_SHADER_VARIABLE_DESC::uFlags' 다음에 추가됨
C:\Program Files (x86)\Windows Kits\10\Include\10.0.19041.0\um\d3d12shader.h(92,33): warning C4820: '_D3D12_SHADER_TYPE_DESC': '4' 바이트 패딩이 데이터 멤버 '_D3D12_SHADER_TYPE_DESC::Offset' 다음에 추가됨
C:\Program Files (x86)\Windows Kits\10\Include\10.0.19041.0\um\d3d12shader.h(104,29): warning C4820: '_D3D12_SHADER_DESC': '4' 바이트 패딩이 데이터 멤버 '_D3D12_SHADER_DESC::Version' 다음에 추가됨
C:\Program Files (x86)\Windows Kits\10\Include\10.0.19041.0\um\d3d12shader.h(159,1): warning C4820: '_D3D12_SHADER_INPUT_BIND_DESC': '4' 바이트 패딩이 데이터 멤버 '_D3D12_SHADER_INPUT_BIND_DESC::uID' 다음에 추가됨
C:\Program Files (x86)\Windows Kits\10\Include\10.0.19041.0\um\d3d12shader.h(187,29): warning C4820: '_D3D12_FUNCTION_DESC': '4' 바이트 패딩이 데이터 멤버 '_D3D12_FUNCTION_DESC::Version' 다음에 추가됨
C:\Program Files (x86)\Windows Kits\10\Include\10.0.19041.0\um\d3d12shader.h(215,29): warning C4820: '_D3D12_FUNCTION_DESC': '4' 바이트 패딩이 데이터 멤버 '_D3D12_FUNCTION_DESC::MinFeatureLevel' 다음에 추가됨
C:\Program Files (x86)\Windows Kits\10\Include\10.0.19041.0\um\DirectXMath.h(22,103): warning C4668: '_MANAGED'은(는) 전처리기 매크로로 정의되어 있지 않으므로 '#if/#elif'에 해당하는 '0'으로 바뀝니다.
C:\Program Files (x86)\Windows Kits\10\Include\10.0.19041.0\um\DirectXMath.h(22,118): warning C4668: '_M_CEE'은(는) 전처리기 매크로로 정의되어 있지 않으므로 '#if/#elif'에 해당하는 '0'으로 바뀝니다.
D:\gamegraphicprogramming\Source\Game\Main.cpp(10,14): warning C4100: 'lpCmdLine': 참조되지 않은 정식 매개 변수입니다.
D:\gamegraphicprogramming\Source\Game\Main.cpp(9,21): warning C4100: 'hPrevInstance': 참조되지 않은 정식 매개 변수입니다.
  Game.vcxproj -> D:\gamegraphicprogramming\Build\x64\Debug\Game.exe
